[0.052s] DEBUG:colcon:Command line arguments: ['/usr/bin/colcon', 'build']
[0.052s] DEBUG:colcon:Parsed command line arguments: Namespace(log_base=None, log_level=None, verb_name='build', build_base='build', install_base='install', merge_install=False, symlink_install=False, test_result_base=None, continue_on_error=False, executor='parallel', parallel_workers=20, event_handlers=None, ignore_user_meta=False, metas=['./colcon.meta'], base_paths=['.'], packages_ignore=None, packages_ignore_regex=None, paths=None, packages_up_to=None, packages_up_to_regex=None, packages_above=None, packages_above_and_dependencies=None, packages_above_depth=None, packages_select_by_dep=None, packages_skip_by_dep=None, packages_skip_up_to=None, packages_select_build_failed=False, packages_skip_build_finished=False, packages_select_test_failures=False, packages_skip_test_passed=False, packages_select=None, packages_skip=None, packages_select_regex=None, packages_skip_regex=None, packages_start=None, packages_end=None, allow_overriding=[], cmake_args=None, cmake_target=None, cmake_target_skip_unavailable=False, cmake_clean_cache=False, cmake_clean_first=False, cmake_force_configure=False, ament_cmake_args=None, catkin_cmake_args=None, catkin_skip_building_tests=False, verb_parser=<colcon_defaults.argument_parser.defaults.DefaultArgumentsDecorator object at 0x71524145cd60>, verb_extension=<colcon_core.verb.build.BuildVerb object at 0x71524145c790>, main=<bound method BuildVerb.main of <colcon_core.verb.build.BuildVerb object at 0x71524145c790>>)
[0.130s] Level 1:colcon.colcon_core.package_discovery:discover_packages(colcon_meta) check parameters
[0.130s] Level 1:colcon.colcon_core.package_discovery:discover_packages(recursive) check parameters
[0.130s] Level 1:colcon.colcon_core.package_discovery:discover_packages(ignore) check parameters
[0.130s] Level 1:colcon.colcon_core.package_discovery:discover_packages(path) check parameters
[0.130s] Level 1:colcon.colcon_core.package_discovery:discover_packages(colcon_meta) discover
[0.130s] Level 1:colcon.colcon_core.package_discovery:discover_packages(recursive) discover
[0.130s] INFO:colcon.colcon_core.package_discovery:Crawling recursively for packages in '/home/vova/ws_rtk'
[0.130s] Level 1:colcon.colcon_core.package_identification:_identify(.) by extensions ['ignore', 'ignore_ament_install']
[0.130s] Level 1:colcon.colcon_core.package_identification:_identify(.) by extension 'ignore'
[0.130s] Level 1:colcon.colcon_core.package_identification:_identify(.) by extension 'ignore_ament_install'
[0.130s] Level 1:colcon.colcon_core.package_identification:_identify(.) by extensions ['colcon_pkg']
[0.130s] Level 1:colcon.colcon_core.package_identification:_identify(.) by extension 'colcon_pkg'
[0.130s] Level 1:colcon.colcon_core.package_identification:_identify(.) by extensions ['colcon_meta']
[0.130s] Level 1:colcon.colcon_core.package_identification:_identify(.) by extension 'colcon_meta'
[0.130s] Level 1:colcon.colcon_core.package_identification:_identify(.) by extensions ['ros']
[0.130s] Level 1:colcon.colcon_core.package_identification:_identify(.) by extension 'ros'
[0.136s] Level 1:colcon.colcon_core.package_identification:_identify(.) by extensions ['cmake', 'python']
[0.136s] Level 1:colcon.colcon_core.package_identification:_identify(.) by extension 'cmake'
[0.136s] Level 1:colcon.colcon_core.package_identification:_identify(.) by extension 'python'
[0.136s] Level 1:colcon.colcon_core.package_identification:_identify(.) by extensions ['python_setup_py']
[0.136s] Level 1:colcon.colcon_core.package_identification:_identify(.) by extension 'python_setup_py'
[0.136s] Level 1:colcon.colcon_core.package_identification:_identify(build) by extensions ['ignore', 'ignore_ament_install']
[0.136s] Level 1:colcon.colcon_core.package_identification:_identify(build) by extension 'ignore'
[0.136s] Level 1:colcon.colcon_core.package_identification:_identify(build) ignored
[0.136s] Level 1:colcon.colcon_core.package_identification:_identify(install) by extensions ['ignore', 'ignore_ament_install']
[0.136s] Level 1:colcon.colcon_core.package_identification:_identify(install) by extension 'ignore'
[0.136s] Level 1:colcon.colcon_core.package_identification:_identify(install) ignored
[0.136s] Level 1:colcon.colcon_core.package_identification:_identify(log) by extensions ['ignore', 'ignore_ament_install']
[0.136s] Level 1:colcon.colcon_core.package_identification:_identify(log) by extension 'ignore'
[0.136s] Level 1:colcon.colcon_core.package_identification:_identify(log) ignored
[0.136s] Level 1:colcon.colcon_core.package_identification:_identify(src) by extensions ['ignore', 'ignore_ament_install']
[0.137s] Level 1:colcon.colcon_core.package_identification:_identify(src) by extension 'ignore'
[0.137s] Level 1:colcon.colcon_core.package_identification:_identify(src) by extension 'ignore_ament_install'
[0.137s] Level 1:colcon.colcon_core.package_identification:_identify(src) by extensions ['colcon_pkg']
[0.137s] Level 1:colcon.colcon_core.package_identification:_identify(src) by extension 'colcon_pkg'
[0.137s] Level 1:colcon.colcon_core.package_identification:_identify(src) by extensions ['colcon_meta']
[0.137s] Level 1:colcon.colcon_core.package_identification:_identify(src) by extension 'colcon_meta'
[0.137s] Level 1:colcon.colcon_core.package_identification:_identify(src) by extensions ['ros']
[0.137s] Level 1:colcon.colcon_core.package_identification:_identify(src) by extension 'ros'
[0.137s] Level 1:colcon.colcon_core.package_identification:_identify(src) by extensions ['cmake', 'python']
[0.137s] Level 1:colcon.colcon_core.package_identification:_identify(src) by extension 'cmake'
[0.137s] Level 1:colcon.colcon_core.package_identification:_identify(src) by extension 'python'
[0.137s] Level 1:colcon.colcon_core.package_identification:_identify(src) by extensions ['python_setup_py']
[0.137s] Level 1:colcon.colcon_core.package_identification:_identify(src) by extension 'python_setup_py'
[0.137s] Level 1:colcon.colcon_core.package_identification:_identify(src/rtk_test) by extensions ['ignore', 'ignore_ament_install']
[0.137s] Level 1:colcon.colcon_core.package_identification:_identify(src/rtk_test) by extension 'ignore'
[0.137s] Level 1:colcon.colcon_core.package_identification:_identify(src/rtk_test) by extension 'ignore_ament_install'
[0.137s] Level 1:colcon.colcon_core.package_identification:_identify(src/rtk_test) by extensions ['colcon_pkg']
[0.137s] Level 1:colcon.colcon_core.package_identification:_identify(src/rtk_test) by extension 'colcon_pkg'
[0.137s] Level 1:colcon.colcon_core.package_identification:_identify(src/rtk_test) by extensions ['colcon_meta']
[0.137s] Level 1:colcon.colcon_core.package_identification:_identify(src/rtk_test) by extension 'colcon_meta'
[0.137s] Level 1:colcon.colcon_core.package_identification:_identify(src/rtk_test) by extensions ['ros']
[0.137s] Level 1:colcon.colcon_core.package_identification:_identify(src/rtk_test) by extension 'ros'
[0.138s] DEBUG:colcon.colcon_core.package_identification:Package 'src/rtk_test' with type 'ros.ament_cmake' and name 'rtk_test'
[0.138s] Level 1:colcon.colcon_core.package_identification:_identify(src/ur10e_rviz_control) by extensions ['ignore', 'ignore_ament_install']
[0.138s] Level 1:colcon.colcon_core.package_identification:_identify(src/ur10e_rviz_control) by extension 'ignore'
[0.138s] Level 1:colcon.colcon_core.package_identification:_identify(src/ur10e_rviz_control) by extension 'ignore_ament_install'
[0.138s] Level 1:colcon.colcon_core.package_identification:_identify(src/ur10e_rviz_control) by extensions ['colcon_pkg']
[0.138s] Level 1:colcon.colcon_core.package_identification:_identify(src/ur10e_rviz_control) by extension 'colcon_pkg'
[0.138s] Level 1:colcon.colcon_core.package_identification:_identify(src/ur10e_rviz_control) by extensions ['colcon_meta']
[0.138s] Level 1:colcon.colcon_core.package_identification:_identify(src/ur10e_rviz_control) by extension 'colcon_meta'
[0.138s] Level 1:colcon.colcon_core.package_identification:_identify(src/ur10e_rviz_control) by extensions ['ros']
[0.138s] Level 1:colcon.colcon_core.package_identification:_identify(src/ur10e_rviz_control) by extension 'ros'
[0.139s] DEBUG:colcon.colcon_core.package_identification:Package 'src/ur10e_rviz_control' with type 'ros.ament_cmake' and name 'ur10e_rviz_control'
[0.139s] Level 1:colcon.colcon_core.package_discovery:discover_packages(recursive) using defaults
[0.139s] Level 1:colcon.colcon_core.package_discovery:discover_packages(ignore) discover
[0.139s] Level 1:colcon.colcon_core.package_discovery:discover_packages(ignore) using defaults
[0.139s] Level 1:colcon.colcon_core.package_discovery:discover_packages(path) discover
[0.139s] Level 1:colcon.colcon_core.package_discovery:discover_packages(path) using defaults
[0.154s] Level 1:colcon.colcon_core.package_discovery:discover_packages(prefix_path) check parameters
[0.154s] Level 1:colcon.colcon_core.package_discovery:discover_packages(prefix_path) discover
[0.155s] DEBUG:colcon.colcon_installed_package_information.package_discovery:Found 2 installed packages in /home/vova/ws_rtk/install
[0.156s] DEBUG:colcon.colcon_installed_package_information.package_discovery:Found 15 installed packages in /home/vova/turtlebot3_ws/install
[0.156s] DEBUG:colcon.colcon_installed_package_information.package_discovery:Found 406 installed packages in /opt/ros/humble
[0.157s] Level 1:colcon.colcon_core.package_discovery:discover_packages(prefix_path) using defaults
[0.181s] Level 5:colcon.colcon_core.verb:set package 'rtk_test' build argument 'cmake_args' from command line to 'None'
[0.181s] Level 5:colcon.colcon_core.verb:set package 'rtk_test' build argument 'cmake_target' from command line to 'None'
[0.181s] Level 5:colcon.colcon_core.verb:set package 'rtk_test' build argument 'cmake_target_skip_unavailable' from command line to 'False'
[0.181s] Level 5:colcon.colcon_core.verb:set package 'rtk_test' build argument 'cmake_clean_cache' from command line to 'False'
[0.181s] Level 5:colcon.colcon_core.verb:set package 'rtk_test' build argument 'cmake_clean_first' from command line to 'False'
[0.181s] Level 5:colcon.colcon_core.verb:set package 'rtk_test' build argument 'cmake_force_configure' from command line to 'False'
[0.181s] Level 5:colcon.colcon_core.verb:set package 'rtk_test' build argument 'ament_cmake_args' from command line to 'None'
[0.181s] Level 5:colcon.colcon_core.verb:set package 'rtk_test' build argument 'catkin_cmake_args' from command line to 'None'
[0.181s] Level 5:colcon.colcon_core.verb:set package 'rtk_test' build argument 'catkin_skip_building_tests' from command line to 'False'
[0.181s] DEBUG:colcon.colcon_core.verb:Building package 'rtk_test' with the following arguments: {'ament_cmake_args': None, 'build_base': '/home/vova/ws_rtk/build/rtk_test', 'catkin_cmake_args': None, 'catkin_skip_building_tests': False, 'cmake_args': None, 'cmake_clean_cache': False, 'cmake_clean_first': False, 'cmake_force_configure': False, 'cmake_target': None, 'cmake_target_skip_unavailable': False, 'install_base': '/home/vova/ws_rtk/install/rtk_test', 'merge_install': False, 'path': '/home/vova/ws_rtk/src/rtk_test', 'symlink_install': False, 'test_result_base': None}
[0.181s] Level 5:colcon.colcon_core.verb:set package 'ur10e_rviz_control' build argument 'cmake_args' from command line to 'None'
[0.181s] Level 5:colcon.colcon_core.verb:set package 'ur10e_rviz_control' build argument 'cmake_target' from command line to 'None'
[0.181s] Level 5:colcon.colcon_core.verb:set package 'ur10e_rviz_control' build argument 'cmake_target_skip_unavailable' from command line to 'False'
[0.181s] Level 5:colcon.colcon_core.verb:set package 'ur10e_rviz_control' build argument 'cmake_clean_cache' from command line to 'False'
[0.181s] Level 5:colcon.colcon_core.verb:set package 'ur10e_rviz_control' build argument 'cmake_clean_first' from command line to 'False'
[0.181s] Level 5:colcon.colcon_core.verb:set package 'ur10e_rviz_control' build argument 'cmake_force_configure' from command line to 'False'
[0.181s] Level 5:colcon.colcon_core.verb:set package 'ur10e_rviz_control' build argument 'ament_cmake_args' from command line to 'None'
[0.181s] Level 5:colcon.colcon_core.verb:set package 'ur10e_rviz_control' build argument 'catkin_cmake_args' from command line to 'None'
[0.181s] Level 5:colcon.colcon_core.verb:set package 'ur10e_rviz_control' build argument 'catkin_skip_building_tests' from command line to 'False'
[0.181s] DEBUG:colcon.colcon_core.verb:Building package 'ur10e_rviz_control' with the following arguments: {'ament_cmake_args': None, 'build_base': '/home/vova/ws_rtk/build/ur10e_rviz_control', 'catkin_cmake_args': None, 'catkin_skip_building_tests': False, 'cmake_args': None, 'cmake_clean_cache': False, 'cmake_clean_first': False, 'cmake_force_configure': False, 'cmake_target': None, 'cmake_target_skip_unavailable': False, 'install_base': '/home/vova/ws_rtk/install/ur10e_rviz_control', 'merge_install': False, 'path': '/home/vova/ws_rtk/src/ur10e_rviz_control', 'symlink_install': False, 'test_result_base': None}
[0.181s] INFO:colcon.colcon_core.executor:Executing jobs using 'parallel' executor
[0.182s] DEBUG:colcon.colcon_parallel_executor.executor.parallel:run_until_complete
[0.182s] INFO:colcon.colcon_ros.task.ament_cmake.build:Building ROS package in '/home/vova/ws_rtk/src/rtk_test' with build type 'ament_cmake'
[0.182s] INFO:colcon.colcon_cmake.task.cmake.build:Building CMake package in '/home/vova/ws_rtk/src/rtk_test'
[0.183s] INFO:colcon.colcon_core.plugin_system:Skipping extension 'colcon_core.shell.bat': Not used on non-Windows systems
[0.183s] INFO:colcon.colcon_core.shell:Skip shell extension 'powershell' for command environment: Not usable outside of PowerShell
[0.183s] DEBUG:colcon.colcon_core.shell:Skip shell extension 'dsv' for command environment
[0.186s] INFO:colcon.colcon_ros.task.ament_cmake.build:Building ROS package in '/home/vova/ws_rtk/src/ur10e_rviz_control' with build type 'ament_cmake'
[0.186s] INFO:colcon.colcon_cmake.task.cmake.build:Building CMake package in '/home/vova/ws_rtk/src/ur10e_rviz_control'
[0.186s] INFO:colcon.colcon_core.shell:Skip shell extension 'powershell' for command environment: Not usable outside of PowerShell
[0.186s] DEBUG:colcon.colcon_core.shell:Skip shell extension 'dsv' for command environment
[0.192s] DEBUG:colcon.colcon_core.event_handler.log_command:Invoking command in '/home/vova/ws_rtk/build/rtk_test': CMAKE_PREFIX_PATH=${CMAKE_PREFIX_PATH}:/home/vova/turtlebot3_ws/install/turtlebot3_teleop:/home/vova/turtlebot3_ws/install/turtlebot3_example:/opt/ros/humble /usr/bin/cmake --build /home/vova/ws_rtk/build/rtk_test -- -j20 -l20
[0.193s] DEBUG:colcon.colcon_core.event_handler.log_command:Invoking command in '/home/vova/ws_rtk/build/ur10e_rviz_control': CMAKE_PREFIX_PATH=${CMAKE_PREFIX_PATH}:/home/vova/turtlebot3_ws/install/turtlebot3_teleop:/home/vova/turtlebot3_ws/install/turtlebot3_example:/opt/ros/humble /usr/bin/cmake /home/vova/ws_rtk/src/ur10e_rviz_control -DCMAKE_INSTALL_PREFIX=/home/vova/ws_rtk/install/ur10e_rviz_control
[0.236s] DEBUG:colcon.colcon_core.event_handler.log_command:Invoked command in '/home/vova/ws_rtk/build/rtk_test' returned '0': CMAKE_PREFIX_PATH=${CMAKE_PREFIX_PATH}:/home/vova/turtlebot3_ws/install/turtlebot3_teleop:/home/vova/turtlebot3_ws/install/turtlebot3_example:/opt/ros/humble /usr/bin/cmake --build /home/vova/ws_rtk/build/rtk_test -- -j20 -l20
[0.244s] DEBUG:colcon.colcon_core.event_handler.log_command:Invoking command in '/home/vova/ws_rtk/build/rtk_test': CMAKE_PREFIX_PATH=${CMAKE_PREFIX_PATH}:/home/vova/turtlebot3_ws/install/turtlebot3_teleop:/home/vova/turtlebot3_ws/install/turtlebot3_example:/opt/ros/humble /usr/bin/cmake --install /home/vova/ws_rtk/build/rtk_test
[0.258s] Level 1:colcon.colcon_core.environment:create_environment_scripts_only(rtk_test)
[0.258s] DEBUG:colcon.colcon_core.event_handler.log_command:Invoked command in '/home/vova/ws_rtk/build/rtk_test' returned '0': CMAKE_PREFIX_PATH=${CMAKE_PREFIX_PATH}:/home/vova/turtlebot3_ws/install/turtlebot3_teleop:/home/vova/turtlebot3_ws/install/turtlebot3_example:/opt/ros/humble /usr/bin/cmake --install /home/vova/ws_rtk/build/rtk_test
[0.260s] Level 1:colcon.colcon_core.environment:checking '/home/vova/ws_rtk/install/rtk_test' for CMake module files
[0.260s] Level 1:colcon.colcon_core.environment:checking '/home/vova/ws_rtk/install/rtk_test' for CMake config files
[0.260s] Level 1:colcon.colcon_core.shell:create_environment_hook('rtk_test', 'cmake_prefix_path')
[0.260s] INFO:colcon.colcon_core.shell:Creating environment hook '/home/vova/ws_rtk/install/rtk_test/share/rtk_test/hook/cmake_prefix_path.ps1'
[0.261s] INFO:colcon.colcon_core.shell:Creating environment descriptor '/home/vova/ws_rtk/install/rtk_test/share/rtk_test/hook/cmake_prefix_path.dsv'
[0.261s] INFO:colcon.colcon_core.shell:Creating environment hook '/home/vova/ws_rtk/install/rtk_test/share/rtk_test/hook/cmake_prefix_path.sh'
[0.261s] Level 1:colcon.colcon_core.environment:checking '/home/vova/ws_rtk/install/rtk_test/lib'
[0.261s] Level 1:colcon.colcon_core.environment:checking '/home/vova/ws_rtk/install/rtk_test/bin'
[0.261s] Level 1:colcon.colcon_core.environment:checking '/home/vova/ws_rtk/install/rtk_test/lib/pkgconfig/rtk_test.pc'
[0.262s] Level 1:colcon.colcon_core.environment:checking '/home/vova/ws_rtk/install/rtk_test/lib/python3.10/site-packages'
[0.262s] Level 1:colcon.colcon_core.environment:checking '/home/vova/ws_rtk/install/rtk_test/bin'
[0.262s] INFO:colcon.colcon_core.shell:Creating package script '/home/vova/ws_rtk/install/rtk_test/share/rtk_test/package.ps1'
[0.262s] INFO:colcon.colcon_core.shell:Creating package descriptor '/home/vova/ws_rtk/install/rtk_test/share/rtk_test/package.dsv'
[0.263s] INFO:colcon.colcon_core.shell:Creating package script '/home/vova/ws_rtk/install/rtk_test/share/rtk_test/package.sh'
[0.263s] INFO:colcon.colcon_core.shell:Creating package script '/home/vova/ws_rtk/install/rtk_test/share/rtk_test/package.bash'
[0.263s] INFO:colcon.colcon_core.shell:Creating package script '/home/vova/ws_rtk/install/rtk_test/share/rtk_test/package.zsh'
[0.264s] Level 1:colcon.colcon_core.environment:create_file_with_runtime_dependencies(/home/vova/ws_rtk/install/rtk_test/share/colcon-core/packages/rtk_test)
[0.264s] Level 1:colcon.colcon_core.environment:create_environment_scripts_only(rtk_test)
[0.264s] Level 1:colcon.colcon_core.environment:checking '/home/vova/ws_rtk/install/rtk_test' for CMake module files
[0.264s] Level 1:colcon.colcon_core.environment:checking '/home/vova/ws_rtk/install/rtk_test' for CMake config files
[0.264s] Level 1:colcon.colcon_core.shell:create_environment_hook('rtk_test', 'cmake_prefix_path')
[0.265s] INFO:colcon.colcon_core.shell:Creating environment hook '/home/vova/ws_rtk/install/rtk_test/share/rtk_test/hook/cmake_prefix_path.ps1'
[0.265s] INFO:colcon.colcon_core.shell:Creating environment descriptor '/home/vova/ws_rtk/install/rtk_test/share/rtk_test/hook/cmake_prefix_path.dsv'
[0.265s] INFO:colcon.colcon_core.shell:Creating environment hook '/home/vova/ws_rtk/install/rtk_test/share/rtk_test/hook/cmake_prefix_path.sh'
[0.265s] Level 1:colcon.colcon_core.environment:checking '/home/vova/ws_rtk/install/rtk_test/lib'
[0.265s] Level 1:colcon.colcon_core.environment:checking '/home/vova/ws_rtk/install/rtk_test/bin'
[0.265s] Level 1:colcon.colcon_core.environment:checking '/home/vova/ws_rtk/install/rtk_test/lib/pkgconfig/rtk_test.pc'
[0.265s] Level 1:colcon.colcon_core.environment:checking '/home/vova/ws_rtk/install/rtk_test/lib/python3.10/site-packages'
[0.265s] Level 1:colcon.colcon_core.environment:checking '/home/vova/ws_rtk/install/rtk_test/bin'
[0.266s] INFO:colcon.colcon_core.shell:Creating package script '/home/vova/ws_rtk/install/rtk_test/share/rtk_test/package.ps1'
[0.266s] INFO:colcon.colcon_core.shell:Creating package descriptor '/home/vova/ws_rtk/install/rtk_test/share/rtk_test/package.dsv'
[0.266s] INFO:colcon.colcon_core.shell:Creating package script '/home/vova/ws_rtk/install/rtk_test/share/rtk_test/package.sh'
[0.266s] INFO:colcon.colcon_core.shell:Creating package script '/home/vova/ws_rtk/install/rtk_test/share/rtk_test/package.bash'
[0.266s] INFO:colcon.colcon_core.shell:Creating package script '/home/vova/ws_rtk/install/rtk_test/share/rtk_test/package.zsh'
[0.267s] Level 1:colcon.colcon_core.environment:create_file_with_runtime_dependencies(/home/vova/ws_rtk/install/rtk_test/share/colcon-core/packages/rtk_test)
[0.998s] DEBUG:colcon.colcon_core.event_handler.log_command:Invoked command in '/home/vova/ws_rtk/build/ur10e_rviz_control' returned '0': CMAKE_PREFIX_PATH=${CMAKE_PREFIX_PATH}:/home/vova/turtlebot3_ws/install/turtlebot3_teleop:/home/vova/turtlebot3_ws/install/turtlebot3_example:/opt/ros/humble /usr/bin/cmake /home/vova/ws_rtk/src/ur10e_rviz_control -DCMAKE_INSTALL_PREFIX=/home/vova/ws_rtk/install/ur10e_rviz_control
[0.999s] DEBUG:colcon.colcon_core.event_handler.log_command:Invoking command in '/home/vova/ws_rtk/build/ur10e_rviz_control': CMAKE_PREFIX_PATH=${CMAKE_PREFIX_PATH}:/home/vova/turtlebot3_ws/install/turtlebot3_teleop:/home/vova/turtlebot3_ws/install/turtlebot3_example:/opt/ros/humble /usr/bin/cmake --build /home/vova/ws_rtk/build/ur10e_rviz_control -- -j20 -l20
[3.186s] DEBUG:colcon.colcon_core.event_handler.log_command:Invoked command in '/home/vova/ws_rtk/build/ur10e_rviz_control' returned '0': CMAKE_PREFIX_PATH=${CMAKE_PREFIX_PATH}:/home/vova/turtlebot3_ws/install/turtlebot3_teleop:/home/vova/turtlebot3_ws/install/turtlebot3_example:/opt/ros/humble /usr/bin/cmake --build /home/vova/ws_rtk/build/ur10e_rviz_control -- -j20 -l20
[3.186s] DEBUG:colcon.colcon_core.event_handler.log_command:Invoking command in '/home/vova/ws_rtk/build/ur10e_rviz_control': CMAKE_PREFIX_PATH=${CMAKE_PREFIX_PATH}:/home/vova/turtlebot3_ws/install/turtlebot3_teleop:/home/vova/turtlebot3_ws/install/turtlebot3_example:/opt/ros/humble /usr/bin/cmake --install /home/vova/ws_rtk/build/ur10e_rviz_control
[3.194s] Level 1:colcon.colcon_core.environment:create_environment_scripts_only(ur10e_rviz_control)
[3.194s] Level 1:colcon.colcon_core.environment:checking '/home/vova/ws_rtk/install/ur10e_rviz_control' for CMake module files
[3.195s] DEBUG:colcon.colcon_core.event_handler.log_command:Invoked command in '/home/vova/ws_rtk/build/ur10e_rviz_control' returned '0': CMAKE_PREFIX_PATH=${CMAKE_PREFIX_PATH}:/home/vova/turtlebot3_ws/install/turtlebot3_teleop:/home/vova/turtlebot3_ws/install/turtlebot3_example:/opt/ros/humble /usr/bin/cmake --install /home/vova/ws_rtk/build/ur10e_rviz_control
[3.195s] Level 1:colcon.colcon_core.environment:checking '/home/vova/ws_rtk/install/ur10e_rviz_control' for CMake config files
[3.195s] Level 1:colcon.colcon_core.shell:create_environment_hook('ur10e_rviz_control', 'cmake_prefix_path')
[3.195s] INFO:colcon.colcon_core.shell:Creating environment hook '/home/vova/ws_rtk/install/ur10e_rviz_control/share/ur10e_rviz_control/hook/cmake_prefix_path.ps1'
[3.195s] INFO:colcon.colcon_core.shell:Creating environment descriptor '/home/vova/ws_rtk/install/ur10e_rviz_control/share/ur10e_rviz_control/hook/cmake_prefix_path.dsv'
[3.195s] INFO:colcon.colcon_core.shell:Creating environment hook '/home/vova/ws_rtk/install/ur10e_rviz_control/share/ur10e_rviz_control/hook/cmake_prefix_path.sh'
[3.196s] Level 1:colcon.colcon_core.environment:checking '/home/vova/ws_rtk/install/ur10e_rviz_control/lib'
[3.196s] Level 1:colcon.colcon_core.environment:checking '/home/vova/ws_rtk/install/ur10e_rviz_control/bin'
[3.196s] Level 1:colcon.colcon_core.environment:checking '/home/vova/ws_rtk/install/ur10e_rviz_control/lib/pkgconfig/ur10e_rviz_control.pc'
[3.196s] Level 1:colcon.colcon_core.environment:checking '/home/vova/ws_rtk/install/ur10e_rviz_control/lib/python3.10/site-packages'
[3.196s] Level 1:colcon.colcon_core.environment:checking '/home/vova/ws_rtk/install/ur10e_rviz_control/bin'
[3.196s] INFO:colcon.colcon_core.shell:Creating package script '/home/vova/ws_rtk/install/ur10e_rviz_control/share/ur10e_rviz_control/package.ps1'
[3.196s] INFO:colcon.colcon_core.shell:Creating package descriptor '/home/vova/ws_rtk/install/ur10e_rviz_control/share/ur10e_rviz_control/package.dsv'
[3.196s] INFO:colcon.colcon_core.shell:Creating package script '/home/vova/ws_rtk/install/ur10e_rviz_control/share/ur10e_rviz_control/package.sh'
[3.197s] INFO:colcon.colcon_core.shell:Creating package script '/home/vova/ws_rtk/install/ur10e_rviz_control/share/ur10e_rviz_control/package.bash'
[3.197s] INFO:colcon.colcon_core.shell:Creating package script '/home/vova/ws_rtk/install/ur10e_rviz_control/share/ur10e_rviz_control/package.zsh'
[3.197s] Level 1:colcon.colcon_core.environment:create_file_with_runtime_dependencies(/home/vova/ws_rtk/install/ur10e_rviz_control/share/colcon-core/packages/ur10e_rviz_control)
[3.197s] Level 1:colcon.colcon_core.environment:create_environment_scripts_only(ur10e_rviz_control)
[3.197s] Level 1:colcon.colcon_core.environment:checking '/home/vova/ws_rtk/install/ur10e_rviz_control' for CMake module files
[3.197s] Level 1:colcon.colcon_core.environment:checking '/home/vova/ws_rtk/install/ur10e_rviz_control' for CMake config files
[3.197s] Level 1:colcon.colcon_core.shell:create_environment_hook('ur10e_rviz_control', 'cmake_prefix_path')
[3.198s] INFO:colcon.colcon_core.shell:Creating environment hook '/home/vova/ws_rtk/install/ur10e_rviz_control/share/ur10e_rviz_control/hook/cmake_prefix_path.ps1'
[3.198s] INFO:colcon.colcon_core.shell:Creating environment descriptor '/home/vova/ws_rtk/install/ur10e_rviz_control/share/ur10e_rviz_control/hook/cmake_prefix_path.dsv'
[3.198s] INFO:colcon.colcon_core.shell:Creating environment hook '/home/vova/ws_rtk/install/ur10e_rviz_control/share/ur10e_rviz_control/hook/cmake_prefix_path.sh'
[3.198s] Level 1:colcon.colcon_core.environment:checking '/home/vova/ws_rtk/install/ur10e_rviz_control/lib'
[3.198s] Level 1:colcon.colcon_core.environment:checking '/home/vova/ws_rtk/install/ur10e_rviz_control/bin'
[3.198s] Level 1:colcon.colcon_core.environment:checking '/home/vova/ws_rtk/install/ur10e_rviz_control/lib/pkgconfig/ur10e_rviz_control.pc'
[3.198s] Level 1:colcon.colcon_core.environment:checking '/home/vova/ws_rtk/install/ur10e_rviz_control/lib/python3.10/site-packages'
[3.198s] Level 1:colcon.colcon_core.environment:checking '/home/vova/ws_rtk/install/ur10e_rviz_control/bin'
[3.198s] INFO:colcon.colcon_core.shell:Creating package script '/home/vova/ws_rtk/install/ur10e_rviz_control/share/ur10e_rviz_control/package.ps1'
[3.199s] INFO:colcon.colcon_core.shell:Creating package descriptor '/home/vova/ws_rtk/install/ur10e_rviz_control/share/ur10e_rviz_control/package.dsv'
[3.199s] INFO:colcon.colcon_core.shell:Creating package script '/home/vova/ws_rtk/install/ur10e_rviz_control/share/ur10e_rviz_control/package.sh'
[3.199s] INFO:colcon.colcon_core.shell:Creating package script '/home/vova/ws_rtk/install/ur10e_rviz_control/share/ur10e_rviz_control/package.bash'
[3.199s] INFO:colcon.colcon_core.shell:Creating package script '/home/vova/ws_rtk/install/ur10e_rviz_control/share/ur10e_rviz_control/package.zsh'
[3.199s] Level 1:colcon.colcon_core.environment:create_file_with_runtime_dependencies(/home/vova/ws_rtk/install/ur10e_rviz_control/share/colcon-core/packages/ur10e_rviz_control)
[3.200s] DEBUG:colcon.colcon_parallel_executor.executor.parallel:closing loop
[3.200s] DEBUG:colcon.colcon_parallel_executor.executor.parallel:loop closed
[3.200s] DEBUG:colcon.colcon_parallel_executor.executor.parallel:run_until_complete finished with '0'
[3.200s] DEBUG:colcon.colcon_core.event_reactor:joining thread
[3.203s] INFO:colcon.colcon_core.plugin_system:Skipping extension 'colcon_notification.desktop_notification.terminal_notifier': Not used on non-Darwin systems
[3.203s] INFO:colcon.colcon_core.plugin_system:Skipping extension 'colcon_notification.desktop_notification.win32': Not used on non-Windows systems
[3.203s] INFO:colcon.colcon_notification.desktop_notification:Sending desktop notification using 'notify2'
[3.209s] DEBUG:colcon.colcon_core.event_reactor:joined thread
[3.209s] INFO:colcon.colcon_core.shell:Creating prefix script '/home/vova/ws_rtk/install/local_setup.ps1'
[3.210s] INFO:colcon.colcon_core.shell:Creating prefix util module '/home/vova/ws_rtk/install/_local_setup_util_ps1.py'
[3.210s] INFO:colcon.colcon_core.shell:Creating prefix chain script '/home/vova/ws_rtk/install/setup.ps1'
[3.211s] INFO:colcon.colcon_core.shell:Creating prefix script '/home/vova/ws_rtk/install/local_setup.sh'
[3.211s] INFO:colcon.colcon_core.shell:Creating prefix util module '/home/vova/ws_rtk/install/_local_setup_util_sh.py'
[3.212s] INFO:colcon.colcon_core.shell:Creating prefix chain script '/home/vova/ws_rtk/install/setup.sh'
[3.212s] INFO:colcon.colcon_core.shell:Creating prefix script '/home/vova/ws_rtk/install/local_setup.bash'
[3.213s] INFO:colcon.colcon_core.shell:Creating prefix chain script '/home/vova/ws_rtk/install/setup.bash'
[3.213s] INFO:colcon.colcon_core.shell:Creating prefix script '/home/vova/ws_rtk/install/local_setup.zsh'
[3.213s] INFO:colcon.colcon_core.shell:Creating prefix chain script '/home/vova/ws_rtk/install/setup.zsh'
