-- The C compiler identification is GNU 11.4.0
-- The CXX compiler identification is GNU 11.4.0
-- Detecting C compiler ABI info
-- Detecting C compiler ABI info - done
-- Check for working C compiler: /usr/bin/cc - skipped
-- Detecting C compile features
-- Detecting C compile features - done
-- Detecting CXX compiler ABI info
-- Detecting CXX compiler ABI info - done
-- Check for working CXX compiler: /usr/bin/c++ - skipped
-- Detecting CXX compile features
-- Detecting CXX compile features - done
-- Found ament_cmake: 1.3.11 (/opt/ros/humble/share/ament_cmake/cmake)
-- Found Python3: /usr/bin/python3 (found version "3.10.12") found components: Interpreter 
-- Found rclcpp: 16.0.11 (/opt/ros/humble/share/rclcpp/cmake)
-- Found rosidl_generator_c: 3.1.6 (/opt/ros/humble/share/rosidl_generator_c/cmake)
-- Found rosidl_adapter: 3.1.6 (/opt/ros/humble/share/rosidl_adapter/cmake)
-- Found rosidl_generator_cpp: 3.1.6 (/opt/ros/humble/share/rosidl_generator_cpp/cmake)
-- Using all available rosidl_typesupport_c: rosidl_typesupport_fastrtps_c;rosidl_typesupport_introspection_c
-- Using all available rosidl_typesupport_cpp: rosidl_typesupport_fastrtps_cpp;rosidl_typesupport_introspection_cpp
-- Found rmw_implementation_cmake: 6.1.2 (/opt/ros/humble/share/rmw_implementation_cmake/cmake)
-- Found rmw_fastrtps_cpp: 6.2.7 (/opt/ros/humble/share/rmw_fastrtps_cpp/cmake)
-- Found OpenSSL: /usr/lib/x86_64-linux-gnu/libcrypto.so (found version "3.0.2")  
-- Found FastRTPS: /opt/ros/humble/include  
-- Using RMW implementation 'rmw_fastrtps_cpp' as default
-- Looking for pthread.h
-- Looking for pthread.h - found
-- Performing Test CMAKE_HAVE_LIBC_PTHREAD
-- Performing Test CMAKE_HAVE_LIBC_PTHREAD - Success
-- Found Threads: TRUE  
-- Found rclpy: 3.3.15 (/opt/ros/humble/share/rclpy/cmake)
-- Found sensor_msgs: 4.2.4 (/opt/ros/humble/share/sensor_msgs/cmake)
-- Found ament_lint_auto: 0.12.11 (/opt/ros/humble/share/ament_lint_auto/cmake)
-- Added test 'cppcheck' to perform static code analysis on C / C++ code
-- Configured cppcheck include dirs: 
-- Configured cppcheck exclude dirs and/or files: 
-- Added test 'flake8' to check Python code syntax and style conventions
-- Added test 'lint_cmake' to check CMake code style
-- Added test 'pep257' to check Python code against some of the docstring style conventions in PEP 257
-- Added test 'uncrustify' to check C / C++ code style
-- Configured uncrustify additional arguments: 
-- Added test 'xmllint' to check XML markup files
-- Configuring done
-- Generating done
-- Build files have been written to: /home/vova/ws_rtk/build/ur10e_rviz_control
[ 50%] [32mBuilding CXX object CMakeFiles/keyboard_control.dir/scripts/keyboard_control.cpp.o[0m
[01m[K/home/vova/ws_rtk/src/ur10e_rviz_control/scripts/keyboard_control.cpp:[m[K In member function ‘[01m[Kint KeyboardControl::get_key()[m[K’:
[01m[K/home/vova/ws_rtk/src/ur10e_rviz_control/scripts/keyboard_control.cpp:38:13:[m[K [01;35m[Kwarning: [m[Kunused variable ‘[01m[Koldf[m[K’ [[01;35m[K]8;;https://gcc.gnu.org/onlinedocs/gcc/Warning-Options.html#index-Wunused-variable-Wunused-variable]8;;[m[K]
   38 |         int [01;35m[Koldf[m[K;
      |             [01;35m[K^~~~[m[K
[100%] [32m[1mLinking CXX executable keyboard_control[0m
[100%] Built target keyboard_control
-- Install configuration: ""
-- Installing: /home/vova/ws_rtk/install/ur10e_rviz_control/share/ur10e_rviz_control/urdf
-- Installing: /home/vova/ws_rtk/install/ur10e_rviz_control/share/ur10e_rviz_control/urdf/ur10e.urdf
-- Installing: /home/vova/ws_rtk/install/ur10e_rviz_control/share/ur10e_rviz_control/launch
-- Installing: /home/vova/ws_rtk/install/ur10e_rviz_control/share/ur10e_rviz_control/launch/virtual_ur.launch.py
-- Installing: /home/vova/ws_rtk/install/ur10e_rviz_control/share/ur10e_rviz_control/launch/display.launch.py
-- Installing: /home/vova/ws_rtk/install/ur10e_rviz_control/share/ur10e_rviz_control/launch/keyboard_control.launch.py
-- Installing: /home/vova/ws_rtk/install/ur10e_rviz_control/lib/ur10e_rviz_control/dual_control.py
-- Installing: /home/vova/ws_rtk/install/ur10e_rviz_control/lib/ur10e_rviz_control/keyboard_control.py
-- Installing: /home/vova/ws_rtk/install/ur10e_rviz_control/share/ur10e_rviz_control/config
-- Installing: /home/vova/ws_rtk/install/ur10e_rviz_control/share/ur10e_rviz_control/config/joint_trajectory_controller.yaml
-- Installing: /home/vova/ws_rtk/install/ur10e_rviz_control/lib/ur10e_rviz_control/keyboard_control
-- Set runtime path of "/home/vova/ws_rtk/install/ur10e_rviz_control/lib/ur10e_rviz_control/keyboard_control" to ""
-- Installing: /home/vova/ws_rtk/install/ur10e_rviz_control/share/ament_index/resource_index/package_run_dependencies/ur10e_rviz_control
-- Installing: /home/vova/ws_rtk/install/ur10e_rviz_control/share/ament_index/resource_index/parent_prefix_path/ur10e_rviz_control
-- Installing: /home/vova/ws_rtk/install/ur10e_rviz_control/share/ur10e_rviz_control/environment/ament_prefix_path.sh
-- Installing: /home/vova/ws_rtk/install/ur10e_rviz_control/share/ur10e_rviz_control/environment/ament_prefix_path.dsv
-- Installing: /home/vova/ws_rtk/install/ur10e_rviz_control/share/ur10e_rviz_control/environment/path.sh
-- Installing: /home/vova/ws_rtk/install/ur10e_rviz_control/share/ur10e_rviz_control/environment/path.dsv
-- Installing: /home/vova/ws_rtk/install/ur10e_rviz_control/share/ur10e_rviz_control/local_setup.bash
-- Installing: /home/vova/ws_rtk/install/ur10e_rviz_control/share/ur10e_rviz_control/local_setup.sh
-- Installing: /home/vova/ws_rtk/install/ur10e_rviz_control/share/ur10e_rviz_control/local_setup.zsh
-- Installing: /home/vova/ws_rtk/install/ur10e_rviz_control/share/ur10e_rviz_control/local_setup.dsv
-- Installing: /home/vova/ws_rtk/install/ur10e_rviz_control/share/ur10e_rviz_control/package.dsv
-- Installing: /home/vova/ws_rtk/install/ur10e_rviz_control/share/ament_index/resource_index/packages/ur10e_rviz_control
-- Installing: /home/vova/ws_rtk/install/ur10e_rviz_control/share/ur10e_rviz_control/cmake/ur10e_rviz_controlConfig.cmake
-- Installing: /home/vova/ws_rtk/install/ur10e_rviz_control/share/ur10e_rviz_control/cmake/ur10e_rviz_controlConfig-version.cmake
-- Installing: /home/vova/ws_rtk/install/ur10e_rviz_control/share/ur10e_rviz_control/package.xml
