[0.012s] Invoking command in '/home/vova/ws_rtk/build/my_robot_description': CMAKE_PREFIX_PATH=${CMAKE_PREFIX_PATH}:/home/vova/turtlebot3_ws/install/turtlebot3_teleop:/home/vova/turtlebot3_ws/install/turtlebot3_example:/opt/ros/humble /usr/bin/cmake --build /home/vova/ws_rtk/build/my_robot_description -- -j20 -l20
[0.031s] -- Found ament_cmake: 1.3.11 (/opt/ros/humble/share/ament_cmake/cmake)
[0.134s] -- Override CMake install command with custom implementation using symlinks instead of copying resources
[0.139s] -- Found rclcpp: 16.0.11 (/opt/ros/humble/share/rclcpp/cmake)
[0.157s] -- Found rosidl_generator_c: 3.1.6 (/opt/ros/humble/share/rosidl_generator_c/cmake)
[0.159s] -- Found rosidl_adapter: 3.1.6 (/opt/ros/humble/share/rosidl_adapter/cmake)
[0.162s] -- Found rosidl_generator_cpp: 3.1.6 (/opt/ros/humble/share/rosidl_generator_cpp/cmake)
[0.170s] -- Using all available rosidl_typesupport_c: rosidl_typesupport_fastrtps_c;rosidl_typesupport_introspection_c
[0.177s] -- Using all available rosidl_typesupport_cpp: rosidl_typesupport_fastrtps_cpp;rosidl_typesupport_introspection_cpp
[0.196s] -- Found rmw_implementation_cmake: 6.1.2 (/opt/ros/humble/share/rmw_implementation_cmake/cmake)
[0.197s] -- Found rmw_fastrtps_cpp: 6.2.7 (/opt/ros/humble/share/rmw_fastrtps_cpp/cmake)
[0.272s] -- Using RMW implementation 'rmw_fastrtps_cpp' as default
[0.304s] -- Found rclpy: 3.3.15 (/opt/ros/humble/share/rclpy/cmake)
[0.304s] -- Found sensor_msgs: 4.2.4 (/opt/ros/humble/share/sensor_msgs/cmake)
[0.322s] -- Found ament_lint_auto: 0.12.11 (/opt/ros/humble/share/ament_lint_auto/cmake)
[0.372s] -- Added test 'cppcheck' to perform static code analysis on C / C++ code
[0.372s] -- Configured cppcheck include dirs: 
[0.372s] -- Configured cppcheck exclude dirs and/or files: 
[0.372s] -- Added test 'flake8' to check Python code syntax and style conventions
[0.372s] -- Added test 'lint_cmake' to check CMake code style
[0.372s] -- Added test 'pep257' to check Python code against some of the docstring style conventions in PEP 257
[0.372s] -- Added test 'uncrustify' to check C / C++ code style
[0.373s] -- Configured uncrustify additional arguments: 
[0.373s] -- Added test 'xmllint' to check XML markup files
[0.373s] -- Configuring done
[0.374s] [31mCMake Error at CMakeLists.txt:36 (add_executable):
[0.374s]   Cannot find source file:
[0.374s] 
[0.375s]     src/my_robot_description/scripts/keyboard_control.cpp
[0.375s] 
[0.375s]   Tried extensions .c .C .c++ .cc .cpp .cxx .cu .mpp .m .M .mm .ixx .cppm .h
[0.375s]   .hh .h++ .hm .hpp .hxx .in .txx .f .F .for .f77 .f90 .f95 .f03 .hip .ispc
[0.375s] 
[0.375s] [0m
[0.375s] [31mCMake Error at CMakeLists.txt:36 (add_executable):
[0.375s]   No SOURCES given to target: keyboard_control
[0.375s] 
[0.375s] [0m
[0.375s] [0mCMake Generate step failed.  Build files cannot be regenerated correctly.[0m
[0.380s] gmake: *** [Makefile:226: cmake_check_build_system] Error 1
[0.382s] Invoked command in '/home/vova/ws_rtk/build/my_robot_description' returned '2': CMAKE_PREFIX_PATH=${CMAKE_PREFIX_PATH}:/home/vova/turtlebot3_ws/install/turtlebot3_teleop:/home/vova/turtlebot3_ws/install/turtlebot3_example:/opt/ros/humble /usr/bin/cmake --build /home/vova/ws_rtk/build/my_robot_description -- -j20 -l20
