[0.010s] Invoking command in '/home/vova/ws_rtk/build/my_robot_description': CMAKE_PREFIX_PATH=${CMAKE_PREFIX_PATH}:/home/vova/turtlebot3_ws/install/turtlebot3_teleop:/home/vova/turtlebot3_ws/install/turtlebot3_example:/opt/ros/humble /usr/bin/cmake --build /home/vova/ws_rtk/build/my_robot_description -- -j20 -l20
[0.029s] -- Found ament_cmake: 1.3.11 (/opt/ros/humble/share/ament_cmake/cmake)
[0.121s] -- Override CMake install command with custom implementation using symlinks instead of copying resources
[0.128s] -- Found rclpy: 3.3.15 (/opt/ros/humble/share/rclpy/cmake)
[0.130s] -- Found sensor_msgs: 4.2.4 (/opt/ros/humble/share/sensor_msgs/cmake)
[0.159s] -- Found rosidl_generator_c: 3.1.6 (/opt/ros/humble/share/rosidl_generator_c/cmake)
[0.163s] -- Found rosidl_adapter: 3.1.6 (/opt/ros/humble/share/rosidl_adapter/cmake)
[0.169s] -- Found rosidl_generator_cpp: 3.1.6 (/opt/ros/humble/share/rosidl_generator_cpp/cmake)
[0.177s] -- Using all available rosidl_typesupport_c: rosidl_typesupport_fastrtps_c;rosidl_typesupport_introspection_c
[0.188s] -- Using all available rosidl_typesupport_cpp: rosidl_typesupport_fastrtps_cpp;rosidl_typesupport_introspection_cpp
[0.228s] -- Found ament_lint_auto: 0.12.11 (/opt/ros/humble/share/ament_lint_auto/cmake)
[0.271s] -- Added test 'flake8' to check Python code syntax and style conventions
[0.271s] -- Added test 'lint_cmake' to check CMake code style
[0.271s] -- Added test 'pep257' to check Python code against some of the docstring style conventions in PEP 257
[0.272s] -- Added test 'xmllint' to check XML markup files
[0.272s] -- Configuring done
[0.274s] -- Generating done
[0.275s] -- Build files have been written to: /home/vova/ws_rtk/build/my_robot_description
[0.291s] Invoked command in '/home/vova/ws_rtk/build/my_robot_description' returned '0': CMAKE_PREFIX_PATH=${CMAKE_PREFIX_PATH}:/home/vova/turtlebot3_ws/install/turtlebot3_teleop:/home/vova/turtlebot3_ws/install/turtlebot3_example:/opt/ros/humble /usr/bin/cmake --build /home/vova/ws_rtk/build/my_robot_description -- -j20 -l20
[0.292s] Invoking command in '/home/vova/ws_rtk/build/my_robot_description': CMAKE_PREFIX_PATH=${CMAKE_PREFIX_PATH}:/home/vova/turtlebot3_ws/install/turtlebot3_teleop:/home/vova/turtlebot3_ws/install/turtlebot3_example:/opt/ros/humble /usr/bin/cmake --install /home/vova/ws_rtk/build/my_robot_description
[0.296s] -- Install configuration: ""
[0.296s] -- Execute custom install script
[0.297s] -- Up-to-date symlink: /home/vova/ws_rtk/install/my_robot_description/share/my_robot_description/urdf/ur10e.urdf
[0.297s] -- Up-to-date symlink: /home/vova/ws_rtk/install/my_robot_description/share/my_robot_description/launch/display.launch.py
[0.297s] -- Up-to-date symlink: /home/vova/ws_rtk/install/my_robot_description/lib/my_robot_description/dual_control.py
[0.297s] -- Up-to-date symlink: /home/vova/ws_rtk/install/my_robot_description/share/my_robot_description/config/joint_trajectory_controller.yaml
[0.297s] -- Up-to-date symlink: /home/vova/ws_rtk/install/my_robot_description/share/ament_index/resource_index/package_run_dependencies/my_robot_description
[0.297s] -- Up-to-date symlink: /home/vova/ws_rtk/install/my_robot_description/share/ament_index/resource_index/parent_prefix_path/my_robot_description
[0.298s] -- Up-to-date symlink: /home/vova/ws_rtk/install/my_robot_description/share/my_robot_description/environment/ament_prefix_path.sh
[0.298s] -- Up-to-date symlink: /home/vova/ws_rtk/install/my_robot_description/share/my_robot_description/environment/ament_prefix_path.dsv
[0.298s] -- Up-to-date symlink: /home/vova/ws_rtk/install/my_robot_description/share/my_robot_description/environment/path.sh
[0.298s] -- Up-to-date symlink: /home/vova/ws_rtk/install/my_robot_description/share/my_robot_description/environment/path.dsv
[0.298s] -- Up-to-date symlink: /home/vova/ws_rtk/install/my_robot_description/share/my_robot_description/local_setup.bash
[0.298s] -- Up-to-date symlink: /home/vova/ws_rtk/install/my_robot_description/share/my_robot_description/local_setup.sh
[0.298s] -- Up-to-date symlink: /home/vova/ws_rtk/install/my_robot_description/share/my_robot_description/local_setup.zsh
[0.299s] -- Up-to-date symlink: /home/vova/ws_rtk/install/my_robot_description/share/my_robot_description/local_setup.dsv
[0.299s] -- Symlinking: /home/vova/ws_rtk/install/my_robot_description/share/my_robot_description/package.dsv
[0.304s] -- Up-to-date symlink: /home/vova/ws_rtk/install/my_robot_description/share/ament_index/resource_index/packages/my_robot_description
[0.304s] -- Up-to-date symlink: /home/vova/ws_rtk/install/my_robot_description/share/my_robot_description/cmake/my_robot_descriptionConfig.cmake
[0.304s] -- Up-to-date symlink: /home/vova/ws_rtk/install/my_robot_description/share/my_robot_description/cmake/my_robot_descriptionConfig-version.cmake
[0.304s] -- Up-to-date symlink: /home/vova/ws_rtk/install/my_robot_description/share/my_robot_description/package.xml
[0.306s] Invoked command in '/home/vova/ws_rtk/build/my_robot_description' returned '0': CMAKE_PREFIX_PATH=${CMAKE_PREFIX_PATH}:/home/vova/turtlebot3_ws/install/turtlebot3_teleop:/home/vova/turtlebot3_ws/install/turtlebot3_example:/opt/ros/humble /usr/bin/cmake --install /home/vova/ws_rtk/build/my_robot_description
