[0.061s] DEBUG:colcon:Command line arguments: ['/usr/bin/colcon', 'build']
[0.061s] DEBUG:colcon:Parsed command line arguments: Namespace(log_base=None, log_level=None, verb_name='build', build_base='build', install_base='install', merge_install=False, symlink_install=False, test_result_base=None, continue_on_error=False, executor='parallel', parallel_workers=20, event_handlers=None, ignore_user_meta=False, metas=['./colcon.meta'], base_paths=['.'], packages_ignore=None, packages_ignore_regex=None, paths=None, packages_up_to=None, packages_up_to_regex=None, packages_above=None, packages_above_and_dependencies=None, packages_above_depth=None, packages_select_by_dep=None, packages_skip_by_dep=None, packages_skip_up_to=None, packages_select_build_failed=False, packages_skip_build_finished=False, packages_select_test_failures=False, packages_skip_test_passed=False, packages_select=None, packages_skip=None, packages_select_regex=None, packages_skip_regex=None, packages_start=None, packages_end=None, allow_overriding=[], cmake_args=None, cmake_target=None, cmake_target_skip_unavailable=False, cmake_clean_cache=False, cmake_clean_first=False, cmake_force_configure=False, ament_cmake_args=None, catkin_cmake_args=None, catkin_skip_building_tests=False, verb_parser=<colcon_defaults.argument_parser.defaults.DefaultArgumentsDecorator object at 0x73152e170970>, verb_extension=<colcon_core.verb.build.BuildVerb object at 0x73152e1703a0>, main=<bound method BuildVerb.main of <colcon_core.verb.build.BuildVerb object at 0x73152e1703a0>>)
[0.159s] Level 1:colcon.colcon_core.package_discovery:discover_packages(colcon_meta) check parameters
[0.159s] Level 1:colcon.colcon_core.package_discovery:discover_packages(recursive) check parameters
[0.159s] Level 1:colcon.colcon_core.package_discovery:discover_packages(ignore) check parameters
[0.159s] Level 1:colcon.colcon_core.package_discovery:discover_packages(path) check parameters
[0.159s] Level 1:colcon.colcon_core.package_discovery:discover_packages(colcon_meta) discover
[0.159s] Level 1:colcon.colcon_core.package_discovery:discover_packages(recursive) discover
[0.159s] INFO:colcon.colcon_core.package_discovery:Crawling recursively for packages in '/home/vova/ws_rtk'
[0.159s] Level 1:colcon.colcon_core.package_identification:_identify(.) by extensions ['ignore', 'ignore_ament_install']
[0.159s] Level 1:colcon.colcon_core.package_identification:_identify(.) by extension 'ignore'
[0.159s] Level 1:colcon.colcon_core.package_identification:_identify(.) by extension 'ignore_ament_install'
[0.159s] Level 1:colcon.colcon_core.package_identification:_identify(.) by extensions ['colcon_pkg']
[0.159s] Level 1:colcon.colcon_core.package_identification:_identify(.) by extension 'colcon_pkg'
[0.159s] Level 1:colcon.colcon_core.package_identification:_identify(.) by extensions ['colcon_meta']
[0.159s] Level 1:colcon.colcon_core.package_identification:_identify(.) by extension 'colcon_meta'
[0.159s] Level 1:colcon.colcon_core.package_identification:_identify(.) by extensions ['ros']
[0.159s] Level 1:colcon.colcon_core.package_identification:_identify(.) by extension 'ros'
[0.166s] Level 1:colcon.colcon_core.package_identification:_identify(.) by extensions ['cmake', 'python']
[0.166s] Level 1:colcon.colcon_core.package_identification:_identify(.) by extension 'cmake'
[0.166s] Level 1:colcon.colcon_core.package_identification:_identify(.) by extension 'python'
[0.166s] Level 1:colcon.colcon_core.package_identification:_identify(.) by extensions ['python_setup_py']
[0.166s] Level 1:colcon.colcon_core.package_identification:_identify(.) by extension 'python_setup_py'
[0.167s] Level 1:colcon.colcon_core.package_identification:_identify(build) by extensions ['ignore', 'ignore_ament_install']
[0.167s] Level 1:colcon.colcon_core.package_identification:_identify(build) by extension 'ignore'
[0.167s] Level 1:colcon.colcon_core.package_identification:_identify(build) ignored
[0.167s] Level 1:colcon.colcon_core.package_identification:_identify(install) by extensions ['ignore', 'ignore_ament_install']
[0.167s] Level 1:colcon.colcon_core.package_identification:_identify(install) by extension 'ignore'
[0.167s] Level 1:colcon.colcon_core.package_identification:_identify(install) ignored
[0.167s] Level 1:colcon.colcon_core.package_identification:_identify(log) by extensions ['ignore', 'ignore_ament_install']
[0.167s] Level 1:colcon.colcon_core.package_identification:_identify(log) by extension 'ignore'
[0.167s] Level 1:colcon.colcon_core.package_identification:_identify(log) ignored
[0.167s] Level 1:colcon.colcon_core.package_identification:_identify(src) by extensions ['ignore', 'ignore_ament_install']
[0.167s] Level 1:colcon.colcon_core.package_identification:_identify(src) by extension 'ignore'
[0.167s] Level 1:colcon.colcon_core.package_identification:_identify(src) by extension 'ignore_ament_install'
[0.167s] Level 1:colcon.colcon_core.package_identification:_identify(src) by extensions ['colcon_pkg']
[0.167s] Level 1:colcon.colcon_core.package_identification:_identify(src) by extension 'colcon_pkg'
[0.167s] Level 1:colcon.colcon_core.package_identification:_identify(src) by extensions ['colcon_meta']
[0.167s] Level 1:colcon.colcon_core.package_identification:_identify(src) by extension 'colcon_meta'
[0.167s] Level 1:colcon.colcon_core.package_identification:_identify(src) by extensions ['ros']
[0.167s] Level 1:colcon.colcon_core.package_identification:_identify(src) by extension 'ros'
[0.167s] Level 1:colcon.colcon_core.package_identification:_identify(src) by extensions ['cmake', 'python']
[0.167s] Level 1:colcon.colcon_core.package_identification:_identify(src) by extension 'cmake'
[0.167s] Level 1:colcon.colcon_core.package_identification:_identify(src) by extension 'python'
[0.167s] Level 1:colcon.colcon_core.package_identification:_identify(src) by extensions ['python_setup_py']
[0.167s] Level 1:colcon.colcon_core.package_identification:_identify(src) by extension 'python_setup_py'
[0.167s] Level 1:colcon.colcon_core.package_identification:_identify(src/my_robot_description) by extensions ['ignore', 'ignore_ament_install']
[0.167s] Level 1:colcon.colcon_core.package_identification:_identify(src/my_robot_description) by extension 'ignore'
[0.167s] Level 1:colcon.colcon_core.package_identification:_identify(src/my_robot_description) by extension 'ignore_ament_install'
[0.167s] Level 1:colcon.colcon_core.package_identification:_identify(src/my_robot_description) by extensions ['colcon_pkg']
[0.167s] Level 1:colcon.colcon_core.package_identification:_identify(src/my_robot_description) by extension 'colcon_pkg'
[0.167s] Level 1:colcon.colcon_core.package_identification:_identify(src/my_robot_description) by extensions ['colcon_meta']
[0.167s] Level 1:colcon.colcon_core.package_identification:_identify(src/my_robot_description) by extension 'colcon_meta'
[0.167s] Level 1:colcon.colcon_core.package_identification:_identify(src/my_robot_description) by extensions ['ros']
[0.167s] Level 1:colcon.colcon_core.package_identification:_identify(src/my_robot_description) by extension 'ros'
[0.169s] DEBUG:colcon.colcon_core.package_identification:Package 'src/my_robot_description' with type 'ros.ament_cmake' and name 'my_robot_description'
[0.169s] Level 1:colcon.colcon_core.package_identification:_identify(src/rtk_test) by extensions ['ignore', 'ignore_ament_install']
[0.169s] Level 1:colcon.colcon_core.package_identification:_identify(src/rtk_test) by extension 'ignore'
[0.169s] Level 1:colcon.colcon_core.package_identification:_identify(src/rtk_test) by extension 'ignore_ament_install'
[0.169s] Level 1:colcon.colcon_core.package_identification:_identify(src/rtk_test) by extensions ['colcon_pkg']
[0.169s] Level 1:colcon.colcon_core.package_identification:_identify(src/rtk_test) by extension 'colcon_pkg'
[0.169s] Level 1:colcon.colcon_core.package_identification:_identify(src/rtk_test) by extensions ['colcon_meta']
[0.169s] Level 1:colcon.colcon_core.package_identification:_identify(src/rtk_test) by extension 'colcon_meta'
[0.169s] Level 1:colcon.colcon_core.package_identification:_identify(src/rtk_test) by extensions ['ros']
[0.169s] Level 1:colcon.colcon_core.package_identification:_identify(src/rtk_test) by extension 'ros'
[0.170s] DEBUG:colcon.colcon_core.package_identification:Package 'src/rtk_test' with type 'ros.ament_cmake' and name 'rtk_test'
[0.170s] Level 1:colcon.colcon_core.package_discovery:discover_packages(recursive) using defaults
[0.170s] Level 1:colcon.colcon_core.package_discovery:discover_packages(ignore) discover
[0.170s] Level 1:colcon.colcon_core.package_discovery:discover_packages(ignore) using defaults
[0.170s] Level 1:colcon.colcon_core.package_discovery:discover_packages(path) discover
[0.170s] Level 1:colcon.colcon_core.package_discovery:discover_packages(path) using defaults
[0.183s] Level 1:colcon.colcon_core.package_discovery:discover_packages(prefix_path) check parameters
[0.183s] Level 1:colcon.colcon_core.package_discovery:discover_packages(prefix_path) discover
[0.185s] DEBUG:colcon.colcon_installed_package_information.package_discovery:Found 2 installed packages in /home/vova/ws_rtk/install
[0.185s] DEBUG:colcon.colcon_installed_package_information.package_discovery:Found 15 installed packages in /home/vova/turtlebot3_ws/install
[0.186s] DEBUG:colcon.colcon_installed_package_information.package_discovery:Found 406 installed packages in /opt/ros/humble
[0.195s] Level 1:colcon.colcon_core.package_discovery:discover_packages(prefix_path) using defaults
[0.226s] Level 5:colcon.colcon_core.verb:set package 'my_robot_description' build argument 'cmake_args' from command line to 'None'
[0.226s] Level 5:colcon.colcon_core.verb:set package 'my_robot_description' build argument 'cmake_target' from command line to 'None'
[0.226s] Level 5:colcon.colcon_core.verb:set package 'my_robot_description' build argument 'cmake_target_skip_unavailable' from command line to 'False'
[0.226s] Level 5:colcon.colcon_core.verb:set package 'my_robot_description' build argument 'cmake_clean_cache' from command line to 'False'
[0.226s] Level 5:colcon.colcon_core.verb:set package 'my_robot_description' build argument 'cmake_clean_first' from command line to 'False'
[0.226s] Level 5:colcon.colcon_core.verb:set package 'my_robot_description' build argument 'cmake_force_configure' from command line to 'False'
[0.226s] Level 5:colcon.colcon_core.verb:set package 'my_robot_description' build argument 'ament_cmake_args' from command line to 'None'
[0.226s] Level 5:colcon.colcon_core.verb:set package 'my_robot_description' build argument 'catkin_cmake_args' from command line to 'None'
[0.226s] Level 5:colcon.colcon_core.verb:set package 'my_robot_description' build argument 'catkin_skip_building_tests' from command line to 'False'
[0.226s] DEBUG:colcon.colcon_core.verb:Building package 'my_robot_description' with the following arguments: {'ament_cmake_args': None, 'build_base': '/home/vova/ws_rtk/build/my_robot_description', 'catkin_cmake_args': None, 'catkin_skip_building_tests': False, 'cmake_args': None, 'cmake_clean_cache': False, 'cmake_clean_first': False, 'cmake_force_configure': False, 'cmake_target': None, 'cmake_target_skip_unavailable': False, 'install_base': '/home/vova/ws_rtk/install/my_robot_description', 'merge_install': False, 'path': '/home/vova/ws_rtk/src/my_robot_description', 'symlink_install': False, 'test_result_base': None}
[0.226s] Level 5:colcon.colcon_core.verb:set package 'rtk_test' build argument 'cmake_args' from command line to 'None'
[0.226s] Level 5:colcon.colcon_core.verb:set package 'rtk_test' build argument 'cmake_target' from command line to 'None'
[0.226s] Level 5:colcon.colcon_core.verb:set package 'rtk_test' build argument 'cmake_target_skip_unavailable' from command line to 'False'
[0.226s] Level 5:colcon.colcon_core.verb:set package 'rtk_test' build argument 'cmake_clean_cache' from command line to 'False'
[0.226s] Level 5:colcon.colcon_core.verb:set package 'rtk_test' build argument 'cmake_clean_first' from command line to 'False'
[0.226s] Level 5:colcon.colcon_core.verb:set package 'rtk_test' build argument 'cmake_force_configure' from command line to 'False'
[0.226s] Level 5:colcon.colcon_core.verb:set package 'rtk_test' build argument 'ament_cmake_args' from command line to 'None'
[0.226s] Level 5:colcon.colcon_core.verb:set package 'rtk_test' build argument 'catkin_cmake_args' from command line to 'None'
[0.226s] Level 5:colcon.colcon_core.verb:set package 'rtk_test' build argument 'catkin_skip_building_tests' from command line to 'False'
[0.226s] DEBUG:colcon.colcon_core.verb:Building package 'rtk_test' with the following arguments: {'ament_cmake_args': None, 'build_base': '/home/vova/ws_rtk/build/rtk_test', 'catkin_cmake_args': None, 'catkin_skip_building_tests': False, 'cmake_args': None, 'cmake_clean_cache': False, 'cmake_clean_first': False, 'cmake_force_configure': False, 'cmake_target': None, 'cmake_target_skip_unavailable': False, 'install_base': '/home/vova/ws_rtk/install/rtk_test', 'merge_install': False, 'path': '/home/vova/ws_rtk/src/rtk_test', 'symlink_install': False, 'test_result_base': None}
[0.227s] INFO:colcon.colcon_core.executor:Executing jobs using 'parallel' executor
[0.227s] DEBUG:colcon.colcon_parallel_executor.executor.parallel:run_until_complete
[0.228s] INFO:colcon.colcon_ros.task.ament_cmake.build:Building ROS package in '/home/vova/ws_rtk/src/my_robot_description' with build type 'ament_cmake'
[0.228s] INFO:colcon.colcon_cmake.task.cmake.build:Building CMake package in '/home/vova/ws_rtk/src/my_robot_description'
[0.229s] INFO:colcon.colcon_core.plugin_system:Skipping extension 'colcon_core.shell.bat': Not used on non-Windows systems
[0.229s] INFO:colcon.colcon_core.shell:Skip shell extension 'powershell' for command environment: Not usable outside of PowerShell
[0.229s] DEBUG:colcon.colcon_core.shell:Skip shell extension 'dsv' for command environment
[0.232s] INFO:colcon.colcon_ros.task.ament_cmake.build:Building ROS package in '/home/vova/ws_rtk/src/rtk_test' with build type 'ament_cmake'
[0.232s] INFO:colcon.colcon_cmake.task.cmake.build:Building CMake package in '/home/vova/ws_rtk/src/rtk_test'
[0.232s] INFO:colcon.colcon_core.shell:Skip shell extension 'powershell' for command environment: Not usable outside of PowerShell
[0.232s] DEBUG:colcon.colcon_core.shell:Skip shell extension 'dsv' for command environment
[0.240s] DEBUG:colcon.colcon_core.event_handler.log_command:Invoking command in '/home/vova/ws_rtk/build/my_robot_description': CMAKE_PREFIX_PATH=${CMAKE_PREFIX_PATH}:/home/vova/turtlebot3_ws/install/turtlebot3_teleop:/home/vova/turtlebot3_ws/install/turtlebot3_example:/opt/ros/humble /usr/bin/cmake --build /home/vova/ws_rtk/build/my_robot_description -- -j20 -l20
[0.242s] DEBUG:colcon.colcon_core.event_handler.log_command:Invoking command in '/home/vova/ws_rtk/build/rtk_test': CMAKE_PREFIX_PATH=${CMAKE_PREFIX_PATH}:/home/vova/turtlebot3_ws/install/turtlebot3_teleop:/home/vova/turtlebot3_ws/install/turtlebot3_example:/opt/ros/humble /usr/bin/cmake --build /home/vova/ws_rtk/build/rtk_test -- -j20 -l20
[0.267s] DEBUG:colcon.colcon_core.event_handler.log_command:Invoked command in '/home/vova/ws_rtk/build/my_robot_description' returned '0': CMAKE_PREFIX_PATH=${CMAKE_PREFIX_PATH}:/home/vova/turtlebot3_ws/install/turtlebot3_teleop:/home/vova/turtlebot3_ws/install/turtlebot3_example:/opt/ros/humble /usr/bin/cmake --build /home/vova/ws_rtk/build/my_robot_description -- -j20 -l20
[0.276s] DEBUG:colcon.colcon_core.event_handler.log_command:Invoking command in '/home/vova/ws_rtk/build/my_robot_description': CMAKE_PREFIX_PATH=${CMAKE_PREFIX_PATH}:/home/vova/turtlebot3_ws/install/turtlebot3_teleop:/home/vova/turtlebot3_ws/install/turtlebot3_example:/opt/ros/humble /usr/bin/cmake --install /home/vova/ws_rtk/build/my_robot_description
[0.292s] Level 1:colcon.colcon_core.environment:create_environment_scripts_only(my_robot_description)
[0.293s] DEBUG:colcon.colcon_core.event_handler.log_command:Invoked command in '/home/vova/ws_rtk/build/my_robot_description' returned '0': CMAKE_PREFIX_PATH=${CMAKE_PREFIX_PATH}:/home/vova/turtlebot3_ws/install/turtlebot3_teleop:/home/vova/turtlebot3_ws/install/turtlebot3_example:/opt/ros/humble /usr/bin/cmake --install /home/vova/ws_rtk/build/my_robot_description
[0.295s] Level 1:colcon.colcon_core.environment:checking '/home/vova/ws_rtk/install/my_robot_description' for CMake module files
[0.296s] Level 1:colcon.colcon_core.environment:checking '/home/vova/ws_rtk/install/my_robot_description' for CMake config files
[0.296s] Level 1:colcon.colcon_core.shell:create_environment_hook('my_robot_description', 'cmake_prefix_path')
[0.297s] INFO:colcon.colcon_core.shell:Creating environment hook '/home/vova/ws_rtk/install/my_robot_description/share/my_robot_description/hook/cmake_prefix_path.ps1'
[0.297s] INFO:colcon.colcon_core.shell:Creating environment descriptor '/home/vova/ws_rtk/install/my_robot_description/share/my_robot_description/hook/cmake_prefix_path.dsv'
[0.298s] INFO:colcon.colcon_core.shell:Creating environment hook '/home/vova/ws_rtk/install/my_robot_description/share/my_robot_description/hook/cmake_prefix_path.sh'
[0.298s] Level 1:colcon.colcon_core.environment:checking '/home/vova/ws_rtk/install/my_robot_description/lib'
[0.299s] Level 1:colcon.colcon_core.environment:checking '/home/vova/ws_rtk/install/my_robot_description/bin'
[0.299s] Level 1:colcon.colcon_core.environment:checking '/home/vova/ws_rtk/install/my_robot_description/lib/pkgconfig/my_robot_description.pc'
[0.299s] Level 1:colcon.colcon_core.environment:checking '/home/vova/ws_rtk/install/my_robot_description/lib/python3.10/site-packages'
[0.299s] Level 1:colcon.colcon_core.environment:checking '/home/vova/ws_rtk/install/my_robot_description/bin'
[0.299s] INFO:colcon.colcon_core.shell:Creating package script '/home/vova/ws_rtk/install/my_robot_description/share/my_robot_description/package.ps1'
[0.300s] INFO:colcon.colcon_core.shell:Creating package descriptor '/home/vova/ws_rtk/install/my_robot_description/share/my_robot_description/package.dsv'
[0.300s] INFO:colcon.colcon_core.shell:Creating package script '/home/vova/ws_rtk/install/my_robot_description/share/my_robot_description/package.sh'
[0.301s] INFO:colcon.colcon_core.shell:Creating package script '/home/vova/ws_rtk/install/my_robot_description/share/my_robot_description/package.bash'
[0.301s] INFO:colcon.colcon_core.shell:Creating package script '/home/vova/ws_rtk/install/my_robot_description/share/my_robot_description/package.zsh'
[0.302s] Level 1:colcon.colcon_core.environment:create_file_with_runtime_dependencies(/home/vova/ws_rtk/install/my_robot_description/share/colcon-core/packages/my_robot_description)
[0.302s] Level 1:colcon.colcon_core.environment:create_environment_scripts_only(my_robot_description)
[0.302s] Level 1:colcon.colcon_core.environment:checking '/home/vova/ws_rtk/install/my_robot_description' for CMake module files
[0.303s] Level 1:colcon.colcon_core.environment:checking '/home/vova/ws_rtk/install/my_robot_description' for CMake config files
[0.303s] Level 1:colcon.colcon_core.shell:create_environment_hook('my_robot_description', 'cmake_prefix_path')
[0.303s] INFO:colcon.colcon_core.shell:Creating environment hook '/home/vova/ws_rtk/install/my_robot_description/share/my_robot_description/hook/cmake_prefix_path.ps1'
[0.303s] INFO:colcon.colcon_core.shell:Creating environment descriptor '/home/vova/ws_rtk/install/my_robot_description/share/my_robot_description/hook/cmake_prefix_path.dsv'
[0.304s] INFO:colcon.colcon_core.shell:Creating environment hook '/home/vova/ws_rtk/install/my_robot_description/share/my_robot_description/hook/cmake_prefix_path.sh'
[0.304s] Level 1:colcon.colcon_core.environment:checking '/home/vova/ws_rtk/install/my_robot_description/lib'
[0.304s] Level 1:colcon.colcon_core.environment:checking '/home/vova/ws_rtk/install/my_robot_description/bin'
[0.304s] Level 1:colcon.colcon_core.environment:checking '/home/vova/ws_rtk/install/my_robot_description/lib/pkgconfig/my_robot_description.pc'
[0.304s] Level 1:colcon.colcon_core.environment:checking '/home/vova/ws_rtk/install/my_robot_description/lib/python3.10/site-packages'
[0.304s] Level 1:colcon.colcon_core.environment:checking '/home/vova/ws_rtk/install/my_robot_description/bin'
[0.305s] INFO:colcon.colcon_core.shell:Creating package script '/home/vova/ws_rtk/install/my_robot_description/share/my_robot_description/package.ps1'
[0.305s] INFO:colcon.colcon_core.shell:Creating package descriptor '/home/vova/ws_rtk/install/my_robot_description/share/my_robot_description/package.dsv'
[0.305s] INFO:colcon.colcon_core.shell:Creating package script '/home/vova/ws_rtk/install/my_robot_description/share/my_robot_description/package.sh'
[0.306s] INFO:colcon.colcon_core.shell:Creating package script '/home/vova/ws_rtk/install/my_robot_description/share/my_robot_description/package.bash'
[0.306s] INFO:colcon.colcon_core.shell:Creating package script '/home/vova/ws_rtk/install/my_robot_description/share/my_robot_description/package.zsh'
[0.306s] Level 1:colcon.colcon_core.environment:create_file_with_runtime_dependencies(/home/vova/ws_rtk/install/my_robot_description/share/colcon-core/packages/my_robot_description)
[0.307s] DEBUG:colcon.colcon_core.event_handler.log_command:Invoked command in '/home/vova/ws_rtk/build/rtk_test' returned '0': CMAKE_PREFIX_PATH=${CMAKE_PREFIX_PATH}:/home/vova/turtlebot3_ws/install/turtlebot3_teleop:/home/vova/turtlebot3_ws/install/turtlebot3_example:/opt/ros/humble /usr/bin/cmake --build /home/vova/ws_rtk/build/rtk_test -- -j20 -l20
[0.309s] DEBUG:colcon.colcon_core.event_handler.log_command:Invoking command in '/home/vova/ws_rtk/build/rtk_test': CMAKE_PREFIX_PATH=${CMAKE_PREFIX_PATH}:/home/vova/turtlebot3_ws/install/turtlebot3_teleop:/home/vova/turtlebot3_ws/install/turtlebot3_example:/opt/ros/humble /usr/bin/cmake --install /home/vova/ws_rtk/build/rtk_test
[0.326s] Level 1:colcon.colcon_core.environment:create_environment_scripts_only(rtk_test)
[0.327s] DEBUG:colcon.colcon_core.event_handler.log_command:Invoked command in '/home/vova/ws_rtk/build/rtk_test' returned '0': CMAKE_PREFIX_PATH=${CMAKE_PREFIX_PATH}:/home/vova/turtlebot3_ws/install/turtlebot3_teleop:/home/vova/turtlebot3_ws/install/turtlebot3_example:/opt/ros/humble /usr/bin/cmake --install /home/vova/ws_rtk/build/rtk_test
[0.327s] Level 1:colcon.colcon_core.environment:checking '/home/vova/ws_rtk/install/rtk_test' for CMake module files
[0.327s] Level 1:colcon.colcon_core.environment:checking '/home/vova/ws_rtk/install/rtk_test' for CMake config files
[0.327s] Level 1:colcon.colcon_core.shell:create_environment_hook('rtk_test', 'cmake_prefix_path')
[0.328s] INFO:colcon.colcon_core.shell:Creating environment hook '/home/vova/ws_rtk/install/rtk_test/share/rtk_test/hook/cmake_prefix_path.ps1'
[0.328s] INFO:colcon.colcon_core.shell:Creating environment descriptor '/home/vova/ws_rtk/install/rtk_test/share/rtk_test/hook/cmake_prefix_path.dsv'
[0.328s] INFO:colcon.colcon_core.shell:Creating environment hook '/home/vova/ws_rtk/install/rtk_test/share/rtk_test/hook/cmake_prefix_path.sh'
[0.329s] Level 1:colcon.colcon_core.environment:checking '/home/vova/ws_rtk/install/rtk_test/lib'
[0.329s] Level 1:colcon.colcon_core.environment:checking '/home/vova/ws_rtk/install/rtk_test/bin'
[0.329s] Level 1:colcon.colcon_core.environment:checking '/home/vova/ws_rtk/install/rtk_test/lib/pkgconfig/rtk_test.pc'
[0.329s] Level 1:colcon.colcon_core.environment:checking '/home/vova/ws_rtk/install/rtk_test/lib/python3.10/site-packages'
[0.329s] Level 1:colcon.colcon_core.environment:checking '/home/vova/ws_rtk/install/rtk_test/bin'
[0.329s] INFO:colcon.colcon_core.shell:Creating package script '/home/vova/ws_rtk/install/rtk_test/share/rtk_test/package.ps1'
[0.330s] INFO:colcon.colcon_core.shell:Creating package descriptor '/home/vova/ws_rtk/install/rtk_test/share/rtk_test/package.dsv'
[0.330s] INFO:colcon.colcon_core.shell:Creating package script '/home/vova/ws_rtk/install/rtk_test/share/rtk_test/package.sh'
[0.330s] INFO:colcon.colcon_core.shell:Creating package script '/home/vova/ws_rtk/install/rtk_test/share/rtk_test/package.bash'
[0.331s] INFO:colcon.colcon_core.shell:Creating package script '/home/vova/ws_rtk/install/rtk_test/share/rtk_test/package.zsh'
[0.331s] Level 1:colcon.colcon_core.environment:create_file_with_runtime_dependencies(/home/vova/ws_rtk/install/rtk_test/share/colcon-core/packages/rtk_test)
[0.331s] Level 1:colcon.colcon_core.environment:create_environment_scripts_only(rtk_test)
[0.331s] Level 1:colcon.colcon_core.environment:checking '/home/vova/ws_rtk/install/rtk_test' for CMake module files
[0.332s] Level 1:colcon.colcon_core.environment:checking '/home/vova/ws_rtk/install/rtk_test' for CMake config files
[0.332s] Level 1:colcon.colcon_core.shell:create_environment_hook('rtk_test', 'cmake_prefix_path')
[0.332s] INFO:colcon.colcon_core.shell:Creating environment hook '/home/vova/ws_rtk/install/rtk_test/share/rtk_test/hook/cmake_prefix_path.ps1'
[0.332s] INFO:colcon.colcon_core.shell:Creating environment descriptor '/home/vova/ws_rtk/install/rtk_test/share/rtk_test/hook/cmake_prefix_path.dsv'
[0.333s] INFO:colcon.colcon_core.shell:Creating environment hook '/home/vova/ws_rtk/install/rtk_test/share/rtk_test/hook/cmake_prefix_path.sh'
[0.333s] Level 1:colcon.colcon_core.environment:checking '/home/vova/ws_rtk/install/rtk_test/lib'
[0.333s] Level 1:colcon.colcon_core.environment:checking '/home/vova/ws_rtk/install/rtk_test/bin'
[0.333s] Level 1:colcon.colcon_core.environment:checking '/home/vova/ws_rtk/install/rtk_test/lib/pkgconfig/rtk_test.pc'
[0.333s] Level 1:colcon.colcon_core.environment:checking '/home/vova/ws_rtk/install/rtk_test/lib/python3.10/site-packages'
[0.333s] Level 1:colcon.colcon_core.environment:checking '/home/vova/ws_rtk/install/rtk_test/bin'
[0.334s] INFO:colcon.colcon_core.shell:Creating package script '/home/vova/ws_rtk/install/rtk_test/share/rtk_test/package.ps1'
[0.334s] INFO:colcon.colcon_core.shell:Creating package descriptor '/home/vova/ws_rtk/install/rtk_test/share/rtk_test/package.dsv'
[0.334s] INFO:colcon.colcon_core.shell:Creating package script '/home/vova/ws_rtk/install/rtk_test/share/rtk_test/package.sh'
[0.334s] INFO:colcon.colcon_core.shell:Creating package script '/home/vova/ws_rtk/install/rtk_test/share/rtk_test/package.bash'
[0.335s] INFO:colcon.colcon_core.shell:Creating package script '/home/vova/ws_rtk/install/rtk_test/share/rtk_test/package.zsh'
[0.335s] Level 1:colcon.colcon_core.environment:create_file_with_runtime_dependencies(/home/vova/ws_rtk/install/rtk_test/share/colcon-core/packages/rtk_test)
[0.335s] DEBUG:colcon.colcon_parallel_executor.executor.parallel:closing loop
[0.335s] DEBUG:colcon.colcon_parallel_executor.executor.parallel:loop closed
[0.335s] DEBUG:colcon.colcon_parallel_executor.executor.parallel:run_until_complete finished with '0'
[0.335s] DEBUG:colcon.colcon_core.event_reactor:joining thread
[0.339s] INFO:colcon.colcon_core.plugin_system:Skipping extension 'colcon_notification.desktop_notification.terminal_notifier': Not used on non-Darwin systems
[0.339s] INFO:colcon.colcon_core.plugin_system:Skipping extension 'colcon_notification.desktop_notification.win32': Not used on non-Windows systems
[0.339s] INFO:colcon.colcon_notification.desktop_notification:Sending desktop notification using 'notify2'
[0.347s] DEBUG:colcon.colcon_core.event_reactor:joined thread
[0.348s] INFO:colcon.colcon_core.shell:Creating prefix script '/home/vova/ws_rtk/install/local_setup.ps1'
[0.348s] INFO:colcon.colcon_core.shell:Creating prefix util module '/home/vova/ws_rtk/install/_local_setup_util_ps1.py'
[0.349s] INFO:colcon.colcon_core.shell:Creating prefix chain script '/home/vova/ws_rtk/install/setup.ps1'
[0.350s] INFO:colcon.colcon_core.shell:Creating prefix script '/home/vova/ws_rtk/install/local_setup.sh'
[0.351s] INFO:colcon.colcon_core.shell:Creating prefix util module '/home/vova/ws_rtk/install/_local_setup_util_sh.py'
[0.351s] INFO:colcon.colcon_core.shell:Creating prefix chain script '/home/vova/ws_rtk/install/setup.sh'
[0.352s] INFO:colcon.colcon_core.shell:Creating prefix script '/home/vova/ws_rtk/install/local_setup.bash'
[0.352s] INFO:colcon.colcon_core.shell:Creating prefix chain script '/home/vova/ws_rtk/install/setup.bash'
[0.353s] INFO:colcon.colcon_core.shell:Creating prefix script '/home/vova/ws_rtk/install/local_setup.zsh'
[0.354s] INFO:colcon.colcon_core.shell:Creating prefix chain script '/home/vova/ws_rtk/install/setup.zsh'
