-- Found ament_cmake: 1.3.11 (/opt/ros/humble/share/ament_cmake/cmake)
-- Override CMake install command with custom implementation using symlinks instead of copying resources
-- Found rclpy: 3.3.15 (/opt/ros/humble/share/rclpy/cmake)
-- Found sensor_msgs: 4.2.4 (/opt/ros/humble/share/sensor_msgs/cmake)
-- Found rosidl_generator_c: 3.1.6 (/opt/ros/humble/share/rosidl_generator_c/cmake)
-- Found rosidl_adapter: 3.1.6 (/opt/ros/humble/share/rosidl_adapter/cmake)
-- Found rosidl_generator_cpp: 3.1.6 (/opt/ros/humble/share/rosidl_generator_cpp/cmake)
-- Using all available rosidl_typesupport_c: rosidl_typesupport_fastrtps_c;rosidl_typesupport_introspection_c
-- Using all available rosidl_typesupport_cpp: rosidl_typesupport_fastrtps_cpp;rosidl_typesupport_introspection_cpp
-- Found ament_lint_auto: 0.12.11 (/opt/ros/humble/share/ament_lint_auto/cmake)
-- Added test 'flake8' to check Python code syntax and style conventions
-- Added test 'lint_cmake' to check CMake code style
-- Added test 'pep257' to check Python code against some of the docstring style conventions in PEP 257
-- Added test 'xmllint' to check XML markup files
-- Configuring done
-- Generating done
-- Build files have been written to: /home/vova/ws_rtk/build/my_robot_description
-- Install configuration: ""
-- Execute custom install script
-- Up-to-date symlink: /home/vova/ws_rtk/install/my_robot_description/share/my_robot_description/urdf/ur10e.urdf
-- Up-to-date symlink: /home/vova/ws_rtk/install/my_robot_description/share/my_robot_description/launch/display.launch.py
-- Up-to-date symlink: /home/vova/ws_rtk/install/my_robot_description/share/my_robot_description/launch/keyboard_control.launch.py
-- Up-to-date symlink: /home/vova/ws_rtk/install/my_robot_description/share/my_robot_description/launch/virtual_ur.launch.py
-- Up-to-date symlink: /home/vova/ws_rtk/install/my_robot_description/lib/my_robot_description/dual_control.py
-- Symlinking: /home/vova/ws_rtk/install/my_robot_description/lib/my_robot_description/keyboard_control.py
-- Up-to-date symlink: /home/vova/ws_rtk/install/my_robot_description/share/my_robot_description/config/joint_trajectory_controller.yaml
-- Up-to-date symlink: /home/vova/ws_rtk/install/my_robot_description/share/ament_index/resource_index/package_run_dependencies/my_robot_description
-- Up-to-date symlink: /home/vova/ws_rtk/install/my_robot_description/share/ament_index/resource_index/parent_prefix_path/my_robot_description
-- Up-to-date symlink: /home/vova/ws_rtk/install/my_robot_description/share/my_robot_description/environment/ament_prefix_path.sh
-- Up-to-date symlink: /home/vova/ws_rtk/install/my_robot_description/share/my_robot_description/environment/ament_prefix_path.dsv
-- Up-to-date symlink: /home/vova/ws_rtk/install/my_robot_description/share/my_robot_description/environment/path.sh
-- Up-to-date symlink: /home/vova/ws_rtk/install/my_robot_description/share/my_robot_description/environment/path.dsv
-- Up-to-date symlink: /home/vova/ws_rtk/install/my_robot_description/share/my_robot_description/local_setup.bash
-- Up-to-date symlink: /home/vova/ws_rtk/install/my_robot_description/share/my_robot_description/local_setup.sh
-- Up-to-date symlink: /home/vova/ws_rtk/install/my_robot_description/share/my_robot_description/local_setup.zsh
-- Up-to-date symlink: /home/vova/ws_rtk/install/my_robot_description/share/my_robot_description/local_setup.dsv
-- Symlinking: /home/vova/ws_rtk/install/my_robot_description/share/my_robot_description/package.dsv
-- Up-to-date symlink: /home/vova/ws_rtk/install/my_robot_description/share/ament_index/resource_index/packages/my_robot_description
-- Up-to-date symlink: /home/vova/ws_rtk/install/my_robot_description/share/my_robot_description/cmake/my_robot_descriptionConfig.cmake
-- Up-to-date symlink: /home/vova/ws_rtk/install/my_robot_description/share/my_robot_description/cmake/my_robot_descriptionConfig-version.cmake
-- Up-to-date symlink: /home/vova/ws_rtk/install/my_robot_description/share/my_robot_description/package.xml
