[0.007s] Invoking command in '/home/vova/ws_rtk/build/my_robot_description': CMAKE_PREFIX_PATH=${CMAKE_PREFIX_PATH}:/home/vova/turtlebot3_ws/install/turtlebot3_teleop:/home/vova/turtlebot3_ws/install/turtlebot3_example:/opt/ros/humble /usr/bin/cmake --build /home/vova/ws_rtk/build/my_robot_description -- -j20 -l20
[0.031s] -- Found ament_cmake: 1.3.11 (/opt/ros/humble/share/ament_cmake/cmake)
[0.117s] -- Override CMake install command with custom implementation using symlinks instead of copying resources
[0.129s] -- Found rclpy: 3.3.15 (/opt/ros/humble/share/rclpy/cmake)
[0.129s] -- Found sensor_msgs: 4.2.4 (/opt/ros/humble/share/sensor_msgs/cmake)
[0.153s] -- Found rosidl_generator_c: 3.1.6 (/opt/ros/humble/share/rosidl_generator_c/cmake)
[0.155s] -- Found rosidl_adapter: 3.1.6 (/opt/ros/humble/share/rosidl_adapter/cmake)
[0.160s] -- Found rosidl_generator_cpp: 3.1.6 (/opt/ros/humble/share/rosidl_generator_cpp/cmake)
[0.168s] -- Using all available rosidl_typesupport_c: rosidl_typesupport_fastrtps_c;rosidl_typesupport_introspection_c
[0.177s] -- Using all available rosidl_typesupport_cpp: rosidl_typesupport_fastrtps_cpp;rosidl_typesupport_introspection_cpp
[0.216s] -- Found ament_lint_auto: 0.12.11 (/opt/ros/humble/share/ament_lint_auto/cmake)
[0.268s] -- Added test 'flake8' to check Python code syntax and style conventions
[0.269s] -- Added test 'lint_cmake' to check CMake code style
[0.269s] -- Added test 'pep257' to check Python code against some of the docstring style conventions in PEP 257
[0.270s] -- Added test 'xmllint' to check XML markup files
[0.271s] -- Configuring done
[0.275s] -- Generating done
[0.276s] -- Build files have been written to: /home/vova/ws_rtk/build/my_robot_description
[0.293s] Invoked command in '/home/vova/ws_rtk/build/my_robot_description' returned '0': CMAKE_PREFIX_PATH=${CMAKE_PREFIX_PATH}:/home/vova/turtlebot3_ws/install/turtlebot3_teleop:/home/vova/turtlebot3_ws/install/turtlebot3_example:/opt/ros/humble /usr/bin/cmake --build /home/vova/ws_rtk/build/my_robot_description -- -j20 -l20
[0.302s] Invoking command in '/home/vova/ws_rtk/build/my_robot_description': CMAKE_PREFIX_PATH=${CMAKE_PREFIX_PATH}:/home/vova/turtlebot3_ws/install/turtlebot3_teleop:/home/vova/turtlebot3_ws/install/turtlebot3_example:/opt/ros/humble /usr/bin/cmake --install /home/vova/ws_rtk/build/my_robot_description
[0.305s] -- Install configuration: ""
[0.306s] -- Execute custom install script
[0.306s] -- Up-to-date symlink: /home/vova/ws_rtk/install/my_robot_description/share/my_robot_description/urdf/ur10e.urdf
[0.306s] -- Up-to-date symlink: /home/vova/ws_rtk/install/my_robot_description/share/my_robot_description/launch/display.launch.py
[0.306s] -- Up-to-date symlink: /home/vova/ws_rtk/install/my_robot_description/share/my_robot_description/launch/keyboard_control.launch.py
[0.306s] -- Up-to-date symlink: /home/vova/ws_rtk/install/my_robot_description/share/my_robot_description/launch/virtual_ur.launch.py
[0.306s] -- Up-to-date symlink: /home/vova/ws_rtk/install/my_robot_description/lib/my_robot_description/dual_control.py
[0.306s] -- Symlinking: /home/vova/ws_rtk/install/my_robot_description/lib/my_robot_description/keyboard_control.py
[0.312s] -- Up-to-date symlink: /home/vova/ws_rtk/install/my_robot_description/share/my_robot_description/config/joint_trajectory_controller.yaml
[0.312s] -- Up-to-date symlink: /home/vova/ws_rtk/install/my_robot_description/share/ament_index/resource_index/package_run_dependencies/my_robot_description
[0.312s] -- Up-to-date symlink: /home/vova/ws_rtk/install/my_robot_description/share/ament_index/resource_index/parent_prefix_path/my_robot_description
[0.312s] -- Up-to-date symlink: /home/vova/ws_rtk/install/my_robot_description/share/my_robot_description/environment/ament_prefix_path.sh
[0.312s] -- Up-to-date symlink: /home/vova/ws_rtk/install/my_robot_description/share/my_robot_description/environment/ament_prefix_path.dsv
[0.312s] -- Up-to-date symlink: /home/vova/ws_rtk/install/my_robot_description/share/my_robot_description/environment/path.sh
[0.312s] -- Up-to-date symlink: /home/vova/ws_rtk/install/my_robot_description/share/my_robot_description/environment/path.dsv
[0.312s] -- Up-to-date symlink: /home/vova/ws_rtk/install/my_robot_description/share/my_robot_description/local_setup.bash
[0.313s] -- Up-to-date symlink: /home/vova/ws_rtk/install/my_robot_description/share/my_robot_description/local_setup.sh
[0.313s] -- Up-to-date symlink: /home/vova/ws_rtk/install/my_robot_description/share/my_robot_description/local_setup.zsh
[0.313s] -- Up-to-date symlink: /home/vova/ws_rtk/install/my_robot_description/share/my_robot_description/local_setup.dsv
[0.313s] -- Symlinking: /home/vova/ws_rtk/install/my_robot_description/share/my_robot_description/package.dsv
[0.319s] -- Up-to-date symlink: /home/vova/ws_rtk/install/my_robot_description/share/ament_index/resource_index/packages/my_robot_description
[0.319s] -- Up-to-date symlink: /home/vova/ws_rtk/install/my_robot_description/share/my_robot_description/cmake/my_robot_descriptionConfig.cmake
[0.319s] -- Up-to-date symlink: /home/vova/ws_rtk/install/my_robot_description/share/my_robot_description/cmake/my_robot_descriptionConfig-version.cmake
[0.319s] -- Up-to-date symlink: /home/vova/ws_rtk/install/my_robot_description/share/my_robot_description/package.xml
[0.321s] Invoked command in '/home/vova/ws_rtk/build/my_robot_description' returned '0': CMAKE_PREFIX_PATH=${CMAKE_PREFIX_PATH}:/home/vova/turtlebot3_ws/install/turtlebot3_teleop:/home/vova/turtlebot3_ws/install/turtlebot3_example:/opt/ros/humble /usr/bin/cmake --install /home/vova/ws_rtk/build/my_robot_description
