[0.053s] DEBUG:colcon:Command line arguments: ['/usr/bin/colcon', 'build']
[0.053s] DEBUG:colcon:Parsed command line arguments: Namespace(log_base=None, log_level=None, verb_name='build', build_base='build', install_base='install', merge_install=False, symlink_install=False, test_result_base=None, continue_on_error=False, executor='parallel', parallel_workers=20, event_handlers=None, ignore_user_meta=False, metas=['./colcon.meta'], base_paths=['.'], packages_ignore=None, packages_ignore_regex=None, paths=None, packages_up_to=None, packages_up_to_regex=None, packages_above=None, packages_above_and_dependencies=None, packages_above_depth=None, packages_select_by_dep=None, packages_skip_by_dep=None, packages_skip_up_to=None, packages_select_build_failed=False, packages_skip_build_finished=False, packages_select_test_failures=False, packages_skip_test_passed=False, packages_select=None, packages_skip=None, packages_select_regex=None, packages_skip_regex=None, packages_start=None, packages_end=None, allow_overriding=[], cmake_args=None, cmake_target=None, cmake_target_skip_unavailable=False, cmake_clean_cache=False, cmake_clean_first=False, cmake_force_configure=False, ament_cmake_args=None, catkin_cmake_args=None, catkin_skip_building_tests=False, verb_parser=<colcon_defaults.argument_parser.defaults.DefaultArgumentsDecorator object at 0x743ba2654310>, verb_extension=<colcon_core.verb.build.BuildVerb object at 0x743ba2623d00>, main=<bound method BuildVerb.main of <colcon_core.verb.build.BuildVerb object at 0x743ba2623d00>>)
[0.130s] Level 1:colcon.colcon_core.package_discovery:discover_packages(colcon_meta) check parameters
[0.130s] Level 1:colcon.colcon_core.package_discovery:discover_packages(recursive) check parameters
[0.130s] Level 1:colcon.colcon_core.package_discovery:discover_packages(ignore) check parameters
[0.130s] Level 1:colcon.colcon_core.package_discovery:discover_packages(path) check parameters
[0.130s] Level 1:colcon.colcon_core.package_discovery:discover_packages(colcon_meta) discover
[0.130s] Level 1:colcon.colcon_core.package_discovery:discover_packages(recursive) discover
[0.130s] INFO:colcon.colcon_core.package_discovery:Crawling recursively for packages in '/home/vova/ws_rtk'
[0.131s] Level 1:colcon.colcon_core.package_identification:_identify(.) by extensions ['ignore', 'ignore_ament_install']
[0.131s] Level 1:colcon.colcon_core.package_identification:_identify(.) by extension 'ignore'
[0.131s] Level 1:colcon.colcon_core.package_identification:_identify(.) by extension 'ignore_ament_install'
[0.131s] Level 1:colcon.colcon_core.package_identification:_identify(.) by extensions ['colcon_pkg']
[0.131s] Level 1:colcon.colcon_core.package_identification:_identify(.) by extension 'colcon_pkg'
[0.131s] Level 1:colcon.colcon_core.package_identification:_identify(.) by extensions ['colcon_meta']
[0.131s] Level 1:colcon.colcon_core.package_identification:_identify(.) by extension 'colcon_meta'
[0.131s] Level 1:colcon.colcon_core.package_identification:_identify(.) by extensions ['ros']
[0.131s] Level 1:colcon.colcon_core.package_identification:_identify(.) by extension 'ros'
[0.137s] Level 1:colcon.colcon_core.package_identification:_identify(.) by extensions ['cmake', 'python']
[0.137s] Level 1:colcon.colcon_core.package_identification:_identify(.) by extension 'cmake'
[0.137s] Level 1:colcon.colcon_core.package_identification:_identify(.) by extension 'python'
[0.137s] Level 1:colcon.colcon_core.package_identification:_identify(.) by extensions ['python_setup_py']
[0.137s] Level 1:colcon.colcon_core.package_identification:_identify(.) by extension 'python_setup_py'
[0.137s] Level 1:colcon.colcon_core.package_identification:_identify(build) by extensions ['ignore', 'ignore_ament_install']
[0.137s] Level 1:colcon.colcon_core.package_identification:_identify(build) by extension 'ignore'
[0.137s] Level 1:colcon.colcon_core.package_identification:_identify(build) ignored
[0.137s] Level 1:colcon.colcon_core.package_identification:_identify(install) by extensions ['ignore', 'ignore_ament_install']
[0.137s] Level 1:colcon.colcon_core.package_identification:_identify(install) by extension 'ignore'
[0.137s] Level 1:colcon.colcon_core.package_identification:_identify(install) ignored
[0.137s] Level 1:colcon.colcon_core.package_identification:_identify(log) by extensions ['ignore', 'ignore_ament_install']
[0.137s] Level 1:colcon.colcon_core.package_identification:_identify(log) by extension 'ignore'
[0.137s] Level 1:colcon.colcon_core.package_identification:_identify(log) ignored
[0.137s] Level 1:colcon.colcon_core.package_identification:_identify(src) by extensions ['ignore', 'ignore_ament_install']
[0.137s] Level 1:colcon.colcon_core.package_identification:_identify(src) by extension 'ignore'
[0.137s] Level 1:colcon.colcon_core.package_identification:_identify(src) by extension 'ignore_ament_install'
[0.137s] Level 1:colcon.colcon_core.package_identification:_identify(src) by extensions ['colcon_pkg']
[0.137s] Level 1:colcon.colcon_core.package_identification:_identify(src) by extension 'colcon_pkg'
[0.137s] Level 1:colcon.colcon_core.package_identification:_identify(src) by extensions ['colcon_meta']
[0.137s] Level 1:colcon.colcon_core.package_identification:_identify(src) by extension 'colcon_meta'
[0.137s] Level 1:colcon.colcon_core.package_identification:_identify(src) by extensions ['ros']
[0.137s] Level 1:colcon.colcon_core.package_identification:_identify(src) by extension 'ros'
[0.137s] Level 1:colcon.colcon_core.package_identification:_identify(src) by extensions ['cmake', 'python']
[0.137s] Level 1:colcon.colcon_core.package_identification:_identify(src) by extension 'cmake'
[0.137s] Level 1:colcon.colcon_core.package_identification:_identify(src) by extension 'python'
[0.137s] Level 1:colcon.colcon_core.package_identification:_identify(src) by extensions ['python_setup_py']
[0.137s] Level 1:colcon.colcon_core.package_identification:_identify(src) by extension 'python_setup_py'
[0.137s] Level 1:colcon.colcon_core.package_identification:_identify(src/rtk_test) by extensions ['ignore', 'ignore_ament_install']
[0.137s] Level 1:colcon.colcon_core.package_identification:_identify(src/rtk_test) by extension 'ignore'
[0.137s] Level 1:colcon.colcon_core.package_identification:_identify(src/rtk_test) by extension 'ignore_ament_install'
[0.137s] Level 1:colcon.colcon_core.package_identification:_identify(src/rtk_test) by extensions ['colcon_pkg']
[0.137s] Level 1:colcon.colcon_core.package_identification:_identify(src/rtk_test) by extension 'colcon_pkg'
[0.137s] Level 1:colcon.colcon_core.package_identification:_identify(src/rtk_test) by extensions ['colcon_meta']
[0.137s] Level 1:colcon.colcon_core.package_identification:_identify(src/rtk_test) by extension 'colcon_meta'
[0.137s] Level 1:colcon.colcon_core.package_identification:_identify(src/rtk_test) by extensions ['ros']
[0.137s] Level 1:colcon.colcon_core.package_identification:_identify(src/rtk_test) by extension 'ros'
[0.139s] DEBUG:colcon.colcon_core.package_identification:Package 'src/rtk_test' with type 'ros.ament_cmake' and name 'rtk_test'
[0.139s] Level 1:colcon.colcon_core.package_discovery:discover_packages(recursive) using defaults
[0.139s] Level 1:colcon.colcon_core.package_discovery:discover_packages(ignore) discover
[0.139s] Level 1:colcon.colcon_core.package_discovery:discover_packages(ignore) using defaults
[0.139s] Level 1:colcon.colcon_core.package_discovery:discover_packages(path) discover
[0.139s] Level 1:colcon.colcon_core.package_discovery:discover_packages(path) using defaults
[0.150s] Level 1:colcon.colcon_core.package_discovery:discover_packages(prefix_path) check parameters
[0.150s] Level 1:colcon.colcon_core.package_discovery:discover_packages(prefix_path) discover
[0.151s] DEBUG:colcon.colcon_installed_package_information.package_discovery:Found 1 installed packages in /home/vova/ws_rtk/install
[0.151s] DEBUG:colcon.colcon_installed_package_information.package_discovery:Found 15 installed packages in /home/vova/turtlebot3_ws/install
[0.152s] DEBUG:colcon.colcon_installed_package_information.package_discovery:Found 364 installed packages in /opt/ros/humble
[0.157s] Level 1:colcon.colcon_core.package_discovery:discover_packages(prefix_path) using defaults
[0.179s] Level 5:colcon.colcon_core.verb:set package 'rtk_test' build argument 'cmake_args' from command line to 'None'
[0.179s] Level 5:colcon.colcon_core.verb:set package 'rtk_test' build argument 'cmake_target' from command line to 'None'
[0.179s] Level 5:colcon.colcon_core.verb:set package 'rtk_test' build argument 'cmake_target_skip_unavailable' from command line to 'False'
[0.179s] Level 5:colcon.colcon_core.verb:set package 'rtk_test' build argument 'cmake_clean_cache' from command line to 'False'
[0.179s] Level 5:colcon.colcon_core.verb:set package 'rtk_test' build argument 'cmake_clean_first' from command line to 'False'
[0.179s] Level 5:colcon.colcon_core.verb:set package 'rtk_test' build argument 'cmake_force_configure' from command line to 'False'
[0.179s] Level 5:colcon.colcon_core.verb:set package 'rtk_test' build argument 'ament_cmake_args' from command line to 'None'
[0.179s] Level 5:colcon.colcon_core.verb:set package 'rtk_test' build argument 'catkin_cmake_args' from command line to 'None'
[0.179s] Level 5:colcon.colcon_core.verb:set package 'rtk_test' build argument 'catkin_skip_building_tests' from command line to 'False'
[0.179s] DEBUG:colcon.colcon_core.verb:Building package 'rtk_test' with the following arguments: {'ament_cmake_args': None, 'build_base': '/home/vova/ws_rtk/build/rtk_test', 'catkin_cmake_args': None, 'catkin_skip_building_tests': False, 'cmake_args': None, 'cmake_clean_cache': False, 'cmake_clean_first': False, 'cmake_force_configure': False, 'cmake_target': None, 'cmake_target_skip_unavailable': False, 'install_base': '/home/vova/ws_rtk/install/rtk_test', 'merge_install': False, 'path': '/home/vova/ws_rtk/src/rtk_test', 'symlink_install': False, 'test_result_base': None}
[0.179s] INFO:colcon.colcon_core.executor:Executing jobs using 'parallel' executor
[0.180s] DEBUG:colcon.colcon_parallel_executor.executor.parallel:run_until_complete
[0.180s] INFO:colcon.colcon_ros.task.ament_cmake.build:Building ROS package in '/home/vova/ws_rtk/src/rtk_test' with build type 'ament_cmake'
[0.180s] INFO:colcon.colcon_cmake.task.cmake.build:Building CMake package in '/home/vova/ws_rtk/src/rtk_test'
[0.182s] INFO:colcon.colcon_core.plugin_system:Skipping extension 'colcon_core.shell.bat': Not used on non-Windows systems
[0.182s] INFO:colcon.colcon_core.shell:Skip shell extension 'powershell' for command environment: Not usable outside of PowerShell
[0.182s] DEBUG:colcon.colcon_core.shell:Skip shell extension 'dsv' for command environment
[0.189s] DEBUG:colcon.colcon_core.event_handler.log_command:Invoking command in '/home/vova/ws_rtk/build/rtk_test': CMAKE_PREFIX_PATH=${CMAKE_PREFIX_PATH}:/home/vova/turtlebot3_ws/install/turtlebot3_teleop:/home/vova/turtlebot3_ws/install/turtlebot3_example:/opt/ros/humble /usr/bin/cmake --build /home/vova/ws_rtk/build/rtk_test -- -j20 -l20
[2.046s] Level 1:colcon.colcon_core.environment:create_environment_scripts_only(rtk_test)
[2.047s] DEBUG:colcon.colcon_core.event_handler.log_command:Invoked command in '/home/vova/ws_rtk/build/rtk_test' returned '2': CMAKE_PREFIX_PATH=${CMAKE_PREFIX_PATH}:/home/vova/turtlebot3_ws/install/turtlebot3_teleop:/home/vova/turtlebot3_ws/install/turtlebot3_example:/opt/ros/humble /usr/bin/cmake --build /home/vova/ws_rtk/build/rtk_test -- -j20 -l20
[2.048s] Level 1:colcon.colcon_core.environment:checking '/home/vova/ws_rtk/install/rtk_test' for CMake module files
[2.048s] Level 1:colcon.colcon_core.environment:checking '/home/vova/ws_rtk/install/rtk_test' for CMake config files
[2.048s] Level 1:colcon.colcon_core.shell:create_environment_hook('rtk_test', 'cmake_prefix_path')
[2.049s] INFO:colcon.colcon_core.shell:Creating environment hook '/home/vova/ws_rtk/install/rtk_test/share/rtk_test/hook/cmake_prefix_path.ps1'
[2.049s] INFO:colcon.colcon_core.shell:Creating environment descriptor '/home/vova/ws_rtk/install/rtk_test/share/rtk_test/hook/cmake_prefix_path.dsv'
[2.049s] INFO:colcon.colcon_core.shell:Creating environment hook '/home/vova/ws_rtk/install/rtk_test/share/rtk_test/hook/cmake_prefix_path.sh'
[2.050s] Level 1:colcon.colcon_core.environment:checking '/home/vova/ws_rtk/install/rtk_test/lib'
[2.050s] Level 1:colcon.colcon_core.environment:checking '/home/vova/ws_rtk/install/rtk_test/bin'
[2.050s] Level 1:colcon.colcon_core.environment:checking '/home/vova/ws_rtk/install/rtk_test/lib/pkgconfig/rtk_test.pc'
[2.050s] Level 1:colcon.colcon_core.environment:checking '/home/vova/ws_rtk/install/rtk_test/lib/python3.10/site-packages'
[2.050s] Level 1:colcon.colcon_core.environment:checking '/home/vova/ws_rtk/install/rtk_test/bin'
[2.050s] INFO:colcon.colcon_core.shell:Creating package script '/home/vova/ws_rtk/install/rtk_test/share/rtk_test/package.ps1'
[2.051s] INFO:colcon.colcon_core.shell:Creating package descriptor '/home/vova/ws_rtk/install/rtk_test/share/rtk_test/package.dsv'
[2.051s] INFO:colcon.colcon_core.shell:Creating package script '/home/vova/ws_rtk/install/rtk_test/share/rtk_test/package.sh'
[2.051s] INFO:colcon.colcon_core.shell:Creating package script '/home/vova/ws_rtk/install/rtk_test/share/rtk_test/package.bash'
[2.052s] INFO:colcon.colcon_core.shell:Creating package script '/home/vova/ws_rtk/install/rtk_test/share/rtk_test/package.zsh'
[2.052s] Level 1:colcon.colcon_core.environment:create_file_with_runtime_dependencies(/home/vova/ws_rtk/install/rtk_test/share/colcon-core/packages/rtk_test)
[2.063s] DEBUG:colcon.colcon_parallel_executor.executor.parallel:closing loop
[2.063s] DEBUG:colcon.colcon_parallel_executor.executor.parallel:loop closed
[2.063s] DEBUG:colcon.colcon_parallel_executor.executor.parallel:run_until_complete finished with '2'
[2.063s] DEBUG:colcon.colcon_core.event_reactor:joining thread
[2.066s] INFO:colcon.colcon_core.plugin_system:Skipping extension 'colcon_notification.desktop_notification.terminal_notifier': Not used on non-Darwin systems
[2.066s] INFO:colcon.colcon_core.plugin_system:Skipping extension 'colcon_notification.desktop_notification.win32': Not used on non-Windows systems
[2.066s] INFO:colcon.colcon_notification.desktop_notification:Sending desktop notification using 'notify2'
[2.078s] DEBUG:colcon.colcon_core.event_reactor:joined thread
[2.079s] INFO:colcon.colcon_core.shell:Creating prefix script '/home/vova/ws_rtk/install/local_setup.ps1'
[2.080s] INFO:colcon.colcon_core.shell:Creating prefix util module '/home/vova/ws_rtk/install/_local_setup_util_ps1.py'
[2.081s] INFO:colcon.colcon_core.shell:Creating prefix chain script '/home/vova/ws_rtk/install/setup.ps1'
[2.082s] INFO:colcon.colcon_core.shell:Creating prefix script '/home/vova/ws_rtk/install/local_setup.sh'
[2.082s] INFO:colcon.colcon_core.shell:Creating prefix util module '/home/vova/ws_rtk/install/_local_setup_util_sh.py'
[2.082s] INFO:colcon.colcon_core.shell:Creating prefix chain script '/home/vova/ws_rtk/install/setup.sh'
[2.083s] INFO:colcon.colcon_core.shell:Creating prefix script '/home/vova/ws_rtk/install/local_setup.bash'
[2.083s] INFO:colcon.colcon_core.shell:Creating prefix chain script '/home/vova/ws_rtk/install/setup.bash'
[2.085s] INFO:colcon.colcon_core.shell:Creating prefix script '/home/vova/ws_rtk/install/local_setup.zsh'
[2.085s] INFO:colcon.colcon_core.shell:Creating prefix chain script '/home/vova/ws_rtk/install/setup.zsh'
