[0.014s] Invoking command in '/home/vova/ws_rtk/build/my_robot_description': CMAKE_PREFIX_PATH=${CMAKE_PREFIX_PATH}:/home/vova/turtlebot3_ws/install/turtlebot3_teleop:/home/vova/turtlebot3_ws/install/turtlebot3_example:/opt/ros/humble /usr/bin/cmake /home/vova/ws_rtk/src/my_robot_description -DCMAKE_INSTALL_PREFIX=/home/vova/ws_rtk/install/my_robot_description
[0.050s] -- Found ament_cmake: 1.3.11 (/opt/ros/humble/share/ament_cmake/cmake)
[0.156s] -- Override CMake install command with custom implementation using symlinks instead of copying resources
[0.170s] -- Found ament_lint_auto: 0.12.11 (/opt/ros/humble/share/ament_lint_auto/cmake)
[0.229s] -- Added test 'flake8' to check Python code syntax and style conventions
[0.229s] -- Added test 'lint_cmake' to check CMake code style
[0.229s] -- Added test 'pep257' to check Python code against some of the docstring style conventions in PEP 257
[0.230s] -- Added test 'xmllint' to check XML markup files
[0.232s] -- Configuring done
[0.235s] -- Generating done
[0.236s] -- Build files have been written to: /home/vova/ws_rtk/build/my_robot_description
[0.239s] Invoked command in '/home/vova/ws_rtk/build/my_robot_description' returned '0': CMAKE_PREFIX_PATH=${CMAKE_PREFIX_PATH}:/home/vova/turtlebot3_ws/install/turtlebot3_teleop:/home/vova/turtlebot3_ws/install/turtlebot3_example:/opt/ros/humble /usr/bin/cmake /home/vova/ws_rtk/src/my_robot_description -DCMAKE_INSTALL_PREFIX=/home/vova/ws_rtk/install/my_robot_description
[0.241s] Invoking command in '/home/vova/ws_rtk/build/my_robot_description': CMAKE_PREFIX_PATH=${CMAKE_PREFIX_PATH}:/home/vova/turtlebot3_ws/install/turtlebot3_teleop:/home/vova/turtlebot3_ws/install/turtlebot3_example:/opt/ros/humble /usr/bin/cmake --build /home/vova/ws_rtk/build/my_robot_description -- -j20 -l20
[0.275s] Invoked command in '/home/vova/ws_rtk/build/my_robot_description' returned '0': CMAKE_PREFIX_PATH=${CMAKE_PREFIX_PATH}:/home/vova/turtlebot3_ws/install/turtlebot3_teleop:/home/vova/turtlebot3_ws/install/turtlebot3_example:/opt/ros/humble /usr/bin/cmake --build /home/vova/ws_rtk/build/my_robot_description -- -j20 -l20
[0.285s] Invoking command in '/home/vova/ws_rtk/build/my_robot_description': CMAKE_PREFIX_PATH=${CMAKE_PREFIX_PATH}:/home/vova/turtlebot3_ws/install/turtlebot3_teleop:/home/vova/turtlebot3_ws/install/turtlebot3_example:/opt/ros/humble /usr/bin/cmake --install /home/vova/ws_rtk/build/my_robot_description
[0.289s] -- Install configuration: ""
[0.289s] -- Execute custom install script
[0.290s] -- Up-to-date symlink: /home/vova/ws_rtk/install/my_robot_description/share/my_robot_description/urdf/ur10e.urdf
[0.290s] -- Up-to-date symlink: /home/vova/ws_rtk/install/my_robot_description/share/my_robot_description/launch/display.launch.py
[0.290s] -- Up-to-date symlink: /home/vova/ws_rtk/install/my_robot_description/share/ament_index/resource_index/package_run_dependencies/my_robot_description
[0.290s] -- Up-to-date symlink: /home/vova/ws_rtk/install/my_robot_description/share/ament_index/resource_index/parent_prefix_path/my_robot_description
[0.290s] -- Up-to-date symlink: /home/vova/ws_rtk/install/my_robot_description/share/my_robot_description/environment/ament_prefix_path.sh
[0.290s] -- Up-to-date symlink: /home/vova/ws_rtk/install/my_robot_description/share/my_robot_description/environment/ament_prefix_path.dsv
[0.291s] -- Up-to-date symlink: /home/vova/ws_rtk/install/my_robot_description/share/my_robot_description/environment/path.sh
[0.291s] -- Up-to-date symlink: /home/vova/ws_rtk/install/my_robot_description/share/my_robot_description/environment/path.dsv
[0.291s] -- Up-to-date symlink: /home/vova/ws_rtk/install/my_robot_description/share/my_robot_description/local_setup.bash
[0.291s] -- Up-to-date symlink: /home/vova/ws_rtk/install/my_robot_description/share/my_robot_description/local_setup.sh
[0.291s] -- Up-to-date symlink: /home/vova/ws_rtk/install/my_robot_description/share/my_robot_description/local_setup.zsh
[0.291s] -- Up-to-date symlink: /home/vova/ws_rtk/install/my_robot_description/share/my_robot_description/local_setup.dsv
[0.291s] -- Symlinking: /home/vova/ws_rtk/install/my_robot_description/share/my_robot_description/package.dsv
[0.298s] -- Up-to-date symlink: /home/vova/ws_rtk/install/my_robot_description/share/ament_index/resource_index/packages/my_robot_description
[0.298s] -- Up-to-date symlink: /home/vova/ws_rtk/install/my_robot_description/share/my_robot_description/cmake/my_robot_descriptionConfig.cmake
[0.298s] -- Up-to-date symlink: /home/vova/ws_rtk/install/my_robot_description/share/my_robot_description/cmake/my_robot_descriptionConfig-version.cmake
[0.298s] -- Up-to-date symlink: /home/vova/ws_rtk/install/my_robot_description/share/my_robot_description/package.xml
[0.300s] Invoked command in '/home/vova/ws_rtk/build/my_robot_description' returned '0': CMAKE_PREFIX_PATH=${CMAKE_PREFIX_PATH}:/home/vova/turtlebot3_ws/install/turtlebot3_teleop:/home/vova/turtlebot3_ws/install/turtlebot3_example:/opt/ros/humble /usr/bin/cmake --install /home/vova/ws_rtk/build/my_robot_description
