-- Found ament_cmake: 1.3.11 (/opt/ros/humble/share/ament_cmake/cmake)
-- Found rclcpp: 16.0.11 (/opt/ros/humble/share/rclcpp/cmake)
-- Found rosidl_generator_c: 3.1.6 (/opt/ros/humble/share/rosidl_generator_c/cmake)
-- Found rosidl_adapter: 3.1.6 (/opt/ros/humble/share/rosidl_adapter/cmake)
-- Found rosidl_generator_cpp: 3.1.6 (/opt/ros/humble/share/rosidl_generator_cpp/cmake)
-- Using all available rosidl_typesupport_c: rosidl_typesupport_fastrtps_c;rosidl_typesupport_introspection_c
-- Using all available rosidl_typesupport_cpp: rosidl_typesupport_fastrtps_cpp;rosidl_typesupport_introspection_cpp
-- Found rmw_implementation_cmake: 6.1.2 (/opt/ros/humble/share/rmw_implementation_cmake/cmake)
-- Found rmw_fastrtps_cpp: 6.2.7 (/opt/ros/humble/share/rmw_fastrtps_cpp/cmake)
-- Using RMW implementation 'rmw_fastrtps_cpp' as default
-- Found rclpy: 3.3.15 (/opt/ros/humble/share/rclpy/cmake)
-- Found sensor_msgs: 4.2.4 (/opt/ros/humble/share/sensor_msgs/cmake)
-- Found ament_lint_auto: 0.12.11 (/opt/ros/humble/share/ament_lint_auto/cmake)
-- Added test 'cppcheck' to perform static code analysis on C / C++ code
-- Configured cppcheck include dirs: 
-- Configured cppcheck exclude dirs and/or files: 
-- Added test 'flake8' to check Python code syntax and style conventions
-- Added test 'lint_cmake' to check CMake code style
-- Added test 'pep257' to check Python code against some of the docstring style conventions in PEP 257
-- Added test 'uncrustify' to check C / C++ code style
-- Configured uncrustify additional arguments: 
-- Added test 'xmllint' to check XML markup files
-- Configuring done
-- Generating done
-- Build files have been written to: /home/vova/1111/ws_rtk/build/ur10e_rviz_control
[35m[1mConsolidate compiler generated dependencies of target keyboard_control[0m
[100%] Built target keyboard_control
-- Install configuration: ""
-- Up-to-date: /home/vova/1111/ws_rtk/install/ur10e_rviz_control/share/ur10e_rviz_control/urdf
-- Up-to-date: /home/vova/1111/ws_rtk/install/ur10e_rviz_control/share/ur10e_rviz_control/urdf/ur10e.urdf
-- Up-to-date: /home/vova/1111/ws_rtk/install/ur10e_rviz_control/share/ur10e_rviz_control/launch
-- Up-to-date: /home/vova/1111/ws_rtk/install/ur10e_rviz_control/share/ur10e_rviz_control/launch/virtual_ur.launch.py
-- Up-to-date: /home/vova/1111/ws_rtk/install/ur10e_rviz_control/share/ur10e_rviz_control/launch/display.launch.py
-- Up-to-date: /home/vova/1111/ws_rtk/install/ur10e_rviz_control/share/ur10e_rviz_control/launch/keyboard_control.launch.py
-- Up-to-date: /home/vova/1111/ws_rtk/install/ur10e_rviz_control/lib/ur10e_rviz_control/dual_control.py
